2025-06-26 07:09:12 | INFO | bilibili-crawler | {'code': 0, 'message': '0', 'ttl': 1, 'data': '1.小朋友们大家好，我是你们爷爷最喜欢的超威一列姆！\r\n2.在过去的一年里，我创作了无数脍炙人口的歌曲，常常被人夸赞高产似雌豚。\r\n3.接下来的日子里我会一如既往地勤勉创作，争取继续保持现在的产量，文体两开花。\r\n4.我感觉照这个势头和速度下去别说日常更新不在话下，连出张新专辑都指日可待了啊。\r\n5.也感谢你们一如既往的支持和鼓励，我会注意身体，不把自己累垮掉的。\r\n6.我个人不建议你们在评论区里艾特任何UP主，我真的不建议，当然你们非要这么做我也没办法的。'}
2025-06-26 07:09:12 | INFO | bilibili-crawler | {'code': 0, 'message': '0', 'ttl': 1, 'data': '1.小朋友们大家好，我是你们爷爷最喜欢的超威一列姆！\r\n2.在过去的一年里，我创作了无数脍炙人口的歌曲，常常被人夸赞高产似雌豚。\r\n3.接下来的日子里我会一如既往地勤勉创作，争取继续保持现在的产量，文体两开花。\r\n4.我感觉照这个势头和速度下去别说日常更新不在话下，连出张新专辑都指日可待了啊。\r\n5.也感谢你们一如既往的支持和鼓励，我会注意身体，不把自己累垮掉的。\r\n6.我个人不建议你们在评论区里艾特任何UP主，我真的不建议，当然你们非要这么做我也没办法的。'}
2025-06-26 07:09:32 | INFO | bilibili-crawler | 开始爬取数据
2025-06-26 07:11:36 | INFO | bilibili-crawler | 开始爬取数据
2025-06-26 07:15:05 | INFO | bilibili-crawler | 开始爬取数据
2025-06-26 07:15:05 | INFO | bilibili-crawler | 匹配到的文件: ['音乐榜单-热榜-数据爬取20250626_065720_935662.json', '音乐榜单-热榜-数据爬取20250626_070933_186851.json', '音乐榜单-热榜-数据爬取20250626_071136_301989.json', '音乐榜单-热榜-数据爬取20250626_071505_774650.json']
2025-06-26 07:15:05 | INFO | bilibili-crawler | 爬取数据完成
2025-06-26 07:15:05 | INFO | bilibili-crawler | 开始数据清洗
2025-06-26 07:15:07 | INFO | bilibili-crawler | 数据清洗完成
2025-06-26 07:15:07 | INFO | bilibili-crawler | 生成数据分析报告中
2025-06-26 07:15:07 | INFO | bilibili-crawler | 数据分析报告已生成
2025-06-26 07:15:44 | INFO | bilibili-crawler | 开始爬取数据
2025-06-26 07:15:50 | INFO | bilibili-crawler | 匹配到的文件: ['音乐榜单-热榜-数据爬取20250626_065720_935662.json', '音乐榜单-热榜-数据爬取20250626_070933_186851.json', '音乐榜单-热榜-数据爬取20250626_071136_301989.json', '音乐榜单-热榜-数据爬取20250626_071505_774650.json', '音乐榜单-热榜-数据爬取20250626_071545_069515.json']
2025-06-26 07:15:50 | INFO | bilibili-crawler | 爬取数据完成
2025-06-26 07:15:50 | INFO | bilibili-crawler | 开始数据清洗
2025-06-26 07:15:52 | INFO | bilibili-crawler | 数据清洗完成
2025-06-26 07:15:52 | INFO | bilibili-crawler | 生成数据分析报告中
2025-06-26 07:15:52 | INFO | bilibili-crawler | 数据分析报告已生成
2025-06-26 07:18:02 | INFO | bilibili-crawler | 开始爬取数据
2025-06-26 07:18:05 | INFO | bilibili-crawler | 匹配到的文件: ['音乐榜单-热榜-数据爬取20250626_065720_935662.json', '音乐榜单-热榜-数据爬取20250626_070933_186851.json', '音乐榜单-热榜-数据爬取20250626_071136_301989.json', '音乐榜单-热榜-数据爬取20250626_071505_774650.json', '音乐榜单-热榜-数据爬取20250626_071545_069515.json', '音乐榜单-热榜-数据爬取20250626_071802_439312.json']
2025-06-26 07:18:05 | ERROR | bilibili-crawler | {'list': {'2022': [{'ID': 38, 'priod': 29, 'publish_time': 1672394399}, {'ID': 36, 'priod': 28, 'publish_time': 1671789599}, {'ID': 34, 'priod': 27, 'publish_time': 1671184800}, {'ID': 32, 'priod': 26, 'publish_time': 1670579999}, {'ID': 30, 'priod': 25, 'publish_time': 1669976540}, {'ID': 28, 'priod': 24, 'publish_time': 1669370757}, {'ID': 26, 'priod': 23, 'publish_time': 1668766987}, {'ID': 22, 'priod': 22, 'publish_time': 1668163419}, {'ID': 21, 'priod': 21, 'publish_time': 1667558276}, {'ID': 20, 'priod': 20, 'publish_time': 1666951199}, {'ID': 19, 'priod': 19, 'publish_time': 1666346399}, {'ID': 18, 'priod': 18, 'publish_time': 1665741599}, {'ID': 17, 'priod': 17, 'publish_time': 1665136799}, {'ID': 16, 'priod': 16, 'publish_time': 1664531999}, {'ID': 15, 'priod': 15, 'publish_time': 1663927199}, {'ID': 14, 'priod': 14, 'publish_time': 1663322399}, {'ID': 13, 'priod': 13, 'publish_time': 1662717599}, {'ID': 12, 'priod': 12, 'publish_time': 1662113559}, {'ID': 11, 'priod': 11, 'publish_time': 1661508657}, {'ID': 10, 'priod': 10, 'publish_time': 1660903199}, {'ID': 9, 'priod': 9, 'publish_time': 1660298400}, {'ID': 8, 'priod': 8, 'publish_time': 1659693599}, {'ID': 7, 'priod': 7, 'publish_time': 1659088799}, {'ID': 6, 'priod': 6, 'publish_time': 1658483999}, {'ID': 5, 'priod': 5, 'publish_time': 1657879200}, {'ID': 4, 'priod': 4, 'publish_time': 1657274399}, {'ID': 3, 'priod': 3, 'publish_time': 1656669600}, {'ID': 2, 'priod': 2, 'publish_time': 1656064800}, {'ID': 1, 'priod': 1, 'publish_time': 1655460091}], '2023': [{'ID': 143, 'priod': 81, 'publish_time': 1703844000}, {'ID': 141, 'priod': 80, 'publish_time': 1703239224}, {'ID': 139, 'priod': 79, 'publish_time': 1702634399}, {'ID': 137, 'priod': 78, 'publish_time': 1702029600}, {'ID': 135, 'priod': 77, 'publish_time': 1701424799}, {'ID': 133, 'priod': 76, 'publish_time': 1700819999}, {'ID': 131, 'priod': 75, 'publish_time': 1700215199}, {'ID': 129, 'priod': 74, 'publish_time': 1699610399}, {'ID': 127, 'priod': 73, 'publish_time': 1699005660}, {'ID': 125, 'priod': 72, 'publish_time': 1698400799}, {'ID': 123, 'priod': 71, 'publish_time': 1697795999}, {'ID': 121, 'priod': 70, 'publish_time': 1697191199}, {'ID': 119, 'priod': 69, 'publish_time': 1696586400}, {'ID': 117, 'priod': 68, 'publish_time': 1695981600}, {'ID': 115, 'priod': 67, 'publish_time': 1695376800}, {'ID': 113, 'priod': 66, 'publish_time': 1694772000}, {'ID': 111, 'priod': 65, 'publish_time': 1694167200}, {'ID': 109, 'priod': 64, 'publish_time': 1693562400}, {'ID': 107, 'priod': 63, 'publish_time': 1692957600}, {'ID': 105, 'priod': 62, 'publish_time': 1692352800}, {'ID': 103, 'priod': 61, 'publish_time': 1691748000}, {'ID': 100, 'priod': 60, 'publish_time': 1691143200}, {'ID': 98, 'priod': 59, 'publish_time': 1690538400}, {'ID': 96, 'priod': 58, 'publish_time': 1689933600}, {'ID': 94, 'priod': 57, 'publish_time': 1689328800}, {'ID': 92, 'priod': 56, 'publish_time': 1688724000}, {'ID': 90, 'priod': 55, 'publish_time': 1688119200}, {'ID': 88, 'priod': 54, 'publish_time': 1687514399}, {'ID': 86, 'priod': 53, 'publish_time': 1686909599}, {'ID': 84, 'priod': 52, 'publish_time': 1686304799}, {'ID': 82, 'priod': 51, 'publish_time': 1685699999}, {'ID': 80, 'priod': 50, 'publish_time': 1685095439}, {'ID': 78, 'priod': 49, 'publish_time': 1684490466}, {'ID': 76, 'priod': 48, 'publish_time': 1683885696}, {'ID': 74, 'priod': 47, 'publish_time': 1683281010}, {'ID': 72, 'priod': 46, 'publish_time': 1682675999}, {'ID': 70, 'priod': 45, 'publish_time': 1682071442}, {'ID': 68, 'priod': 44, 'publish_time': 1681466400}, {'ID': 66, 'priod': 43, 'publish_time': 1680861599}, {'ID': 64, 'priod': 42, 'publish_time': 1680256799}, {'ID': 62, 'priod': 41, 'publish_time': 1679652088}, {'ID': 60, 'priod': 40, 'publish_time': 1679047199}, {'ID': 58, 'priod': 39, 'publish_time': 1678442399}, {'ID': 56, 'priod': 38, 'publish_time': 1677837600}, {'ID': 54, 'priod': 37, 'publish_time': 1677232800}, {'ID': 52, 'priod': 36, 'publish_time': 1676628000}, {'ID': 50, 'priod': 35, 'publish_time': 1676023199}, {'ID': 48, 'priod': 34, 'publish_time': 1675418399}, {'ID': 46, 'priod': 33, 'publish_time': 1674813599}, {'ID': 44, 'priod': 32, 'publish_time': 1674208799}, {'ID': 42, 'priod': 31, 'publish_time': 1673603999}, {'ID': 40, 'priod': 30, 'publish_time': 1672999199}], '2024': [{'ID': 247, 'priod': 133, 'publish_time': 1735293600}, {'ID': 245, 'priod': 132, 'publish_time': 1734688800}, {'ID': 243, 'priod': 131, 'publish_time': 1734084000}, {'ID': 241, 'priod': 130, 'publish_time': 1733479200}, {'ID': 239, 'priod': 129, 'publish_time': 1732874400}, {'ID': 237, 'priod': 128, 'publish_time': 1732269600}, {'ID': 235, 'priod': 127, 'publish_time': 1731664800}, {'ID': 233, 'priod': 126, 'publish_time': 1731060000}, {'ID': 231, 'priod': 125, 'publish_time': 1730455200}, {'ID': 229, 'priod': 124, 'publish_time': 1729851677}, {'ID': 227, 'priod': 123, 'publish_time': 1729245600}, {'ID': 225, 'priod': 122, 'publish_time': 1728640800}, {'ID': 223, 'priod': 121, 'publish_time': 1728036000}, {'ID': 221, 'priod': 120, 'publish_time': 1727431200}, {'ID': 219, 'priod': 119, 'publish_time': 1726826400}, {'ID': 217, 'priod': 118, 'publish_time': 1726221600}, {'ID': 215, 'priod': 117, 'publish_time': 1725616800}, {'ID': 213, 'priod': 116, 'publish_time': 1725012000}, {'ID': 211, 'priod': 115, 'publish_time': 1724407200}, {'ID': 209, 'priod': 114, 'publish_time': 1723802400}, {'ID': 207, 'priod': 113, 'publish_time': 1723197639}, {'ID': 205, 'priod': 112, 'publish_time': 1722592828}, {'ID': 203, 'priod': 111, 'publish_time': 1721988000}, {'ID': 201, 'priod': 110, 'publish_time': 1721383200}, {'ID': 199, 'priod': 109, 'publish_time': 1720778400}, {'ID': 197, 'priod': 108, 'publish_time': 1720173794}, {'ID': 195, 'priod': 107, 'publish_time': 1719568800}, {'ID': 193, 'priod': 106, 'publish_time': 1718964000}, {'ID': 191, 'priod': 105, 'publish_time': 1718359354}, {'ID': 189, 'priod': 104, 'publish_time': 1717754400}, {'ID': 187, 'priod': 103, 'publish_time': 1717149600}, {'ID': 185, 'priod': 102, 'publish_time': 1716544800}, {'ID': 183, 'priod': 101, 'publish_time': 1715940039}, {'ID': 181, 'priod': 100, 'publish_time': 1715335261}, {'ID': 179, 'priod': 99, 'publish_time': 1714730400}, {'ID': 177, 'priod': 98, 'publish_time': 1714125600}, {'ID': 175, 'priod': 97, 'publish_time': 1713520800}, {'ID': 173, 'priod': 96, 'publish_time': 1712916000}, {'ID': 171, 'priod': 95, 'publish_time': 1712311211}, {'ID': 169, 'priod': 94, 'publish_time': 1711706400}, {'ID': 167, 'priod': 93, 'publish_time': 1711101600}, {'ID': 165, 'priod': 92, 'publish_time': 1710497115}, {'ID': 163, 'priod': 91, 'publish_time': 1709892091}, {'ID': 161, 'priod': 90, 'publish_time': 1709287200}, {'ID': 159, 'priod': 89, 'publish_time': 1708682400}, {'ID': 157, 'priod': 88, 'publish_time': 1708077600}, {'ID': 155, 'priod': 87, 'publish_time': 1707472800}, {'ID': 153, 'priod': 86, 'publish_time': 1706868000}, {'ID': 151, 'priod': 85, 'publish_time': 1706263200}, {'ID': 149, 'priod': 84, 'publish_time': 1705658400}, {'ID': 147, 'priod': 83, 'publish_time': 1705053626}, {'ID': 145, 'priod': 82, 'publish_time': 1704448800}], '2025': [{'ID': 297, 'priod': 158, 'publish_time': 1750413600}, {'ID': 295, 'priod': 157, 'publish_time': 1749808800}, {'ID': 293, 'priod': 156, 'publish_time': 1749204246}, {'ID': 291, 'priod': 155, 'publish_time': 1748599200}, {'ID': 289, 'priod': 154, 'publish_time': 1747994400}, {'ID': 287, 'priod': 153, 'publish_time': 1747389600}, {'ID': 285, 'priod': 152, 'publish_time': 1746784800}, {'ID': 283, 'priod': 151, 'publish_time': 1746180000}, {'ID': 281, 'priod': 150, 'publish_time': 1745575200}, {'ID': 279, 'priod': 149, 'publish_time': 1744974975}, {'ID': 277, 'priod': 148, 'publish_time': 1744365600}, {'ID': 275, 'priod': 147, 'publish_time': 1743760800}, {'ID': 273, 'priod': 146, 'publish_time': 1743156000}, {'ID': 271, 'priod': 145, 'publish_time': 1742551200}, {'ID': 269, 'priod': 144, 'publish_time': 1741946400}, {'ID': 267, 'priod': 143, 'publish_time': 1741341600}, {'ID': 265, 'priod': 142, 'publish_time': 1740736800}, {'ID': 263, 'priod': 141, 'publish_time': 1740132000}, {'ID': 261, 'priod': 140, 'publish_time': 1739527200}, {'ID': 259, 'priod': 139, 'publish_time': 1738922400}, {'ID': 257, 'priod': 138, 'publish_time': 1738317600}, {'ID': 255, 'priod': 137, 'publish_time': 1737712800}, {'ID': 253, 'priod': 136, 'publish_time': 1737108000}, {'ID': 251, 'priod': 135, 'publish_time': 1736503200}, {'ID': 249, 'priod': 134, 'publish_time': 1735898400}]}}
2025-06-26 07:18:06 | INFO | bilibili-crawler | 爬取数据完成
2025-06-26 07:18:06 | INFO | bilibili-crawler | 开始数据清洗
2025-06-26 07:18:08 | INFO | bilibili-crawler | 数据清洗完成
2025-06-26 07:18:08 | INFO | bilibili-crawler | 生成数据分析报告中
2025-06-26 07:18:08 | INFO | bilibili-crawler | 数据分析报告已生成
2025-06-26 07:20:15 | INFO | bilibili-crawler | 开始爬取数据
2025-06-26 07:20:18 | INFO | bilibili-crawler | 匹配到的文件: ['音乐榜单-热榜-数据爬取20250626_065720_935662.json', '音乐榜单-热榜-数据爬取20250626_070933_186851.json', '音乐榜单-热榜-数据爬取20250626_071136_301989.json', '音乐榜单-热榜-数据爬取20250626_071505_774650.json', '音乐榜单-热榜-数据爬取20250626_071545_069515.json', '音乐榜单-热榜-数据爬取20250626_071802_439312.json', '音乐榜单-热榜-数据爬取20250626_072015_674382.json']
2025-06-26 07:20:18 | INFO | bilibili-crawler | 最新的原始数据文件: 音乐榜单-热榜-数据爬取20250626_072015_674382.json
2025-06-26 07:20:41 | INFO | bilibili-crawler | 开始爬取数据
2025-06-26 07:20:45 | INFO | bilibili-crawler | 匹配到的文件: ['音乐榜单-热榜-数据爬取20250626_065720_935662.json', '音乐榜单-热榜-数据爬取20250626_070933_186851.json', '音乐榜单-热榜-数据爬取20250626_071136_301989.json', '音乐榜单-热榜-数据爬取20250626_071505_774650.json', '音乐榜单-热榜-数据爬取20250626_071545_069515.json', '音乐榜单-热榜-数据爬取20250626_071802_439312.json', '音乐榜单-热榜-数据爬取20250626_072015_674382.json', '音乐榜单-热榜-数据爬取20250626_072042_072638.json']
2025-06-26 07:20:45 | INFO | bilibili-crawler | 最新的原始数据文件: 音乐榜单-热榜-数据爬取20250626_072042_072638.json
2025-06-26 07:20:45 | INFO | bilibili-crawler | 数据内容: {'2022': [{'ID': 38, 'priod': 29, 'publish_time': 1672394399}, {'ID': 36, 'priod': 28, 'publish_time': 1671789599}, {'ID': 34, 'priod': 27, 'publish_time': 1671184800}, {'ID': 32, 'priod': 26, 'publish_time': 1670579999}, {'ID': 30, 'priod': 25, 'publish_time': 1669976540}, {'ID': 28, 'priod': 24, 'publish_time': 1669370757}, {'ID': 26, 'priod': 23, 'publish_time': 1668766987}, {'ID': 22, 'priod': 22, 'publish_time': 1668163419}, {'ID': 21, 'priod': 21, 'publish_time': 1667558276}, {'ID': 20, 'priod': 20, 'publish_time': 1666951199}, {'ID': 19, 'priod': 19, 'publish_time': 1666346399}, {'ID': 18, 'priod': 18, 'publish_time': 1665741599}, {'ID': 17, 'priod': 17, 'publish_time': 1665136799}, {'ID': 16, 'priod': 16, 'publish_time': 1664531999}, {'ID': 15, 'priod': 15, 'publish_time': 1663927199}, {'ID': 14, 'priod': 14, 'publish_time': 1663322399}, {'ID': 13, 'priod': 13, 'publish_time': 1662717599}, {'ID': 12, 'priod': 12, 'publish_time': 1662113559}, {'ID': 11, 'priod': 11, 'publish_time': 1661508657}, {'ID': 10, 'priod': 10, 'publish_time': 1660903199}, {'ID': 9, 'priod': 9, 'publish_time': 1660298400}, {'ID': 8, 'priod': 8, 'publish_time': 1659693599}, {'ID': 7, 'priod': 7, 'publish_time': 1659088799}, {'ID': 6, 'priod': 6, 'publish_time': 1658483999}, {'ID': 5, 'priod': 5, 'publish_time': 1657879200}, {'ID': 4, 'priod': 4, 'publish_time': 1657274399}, {'ID': 3, 'priod': 3, 'publish_time': 1656669600}, {'ID': 2, 'priod': 2, 'publish_time': 1656064800}, {'ID': 1, 'priod': 1, 'publish_time': 1655460091}], '2023': [{'ID': 143, 'priod': 81, 'publish_time': 1703844000}, {'ID': 141, 'priod': 80, 'publish_time': 1703239224}, {'ID': 139, 'priod': 79, 'publish_time': 1702634399}, {'ID': 137, 'priod': 78, 'publish_time': 1702029600}, {'ID': 135, 'priod': 77, 'publish_time': 1701424799}, {'ID': 133, 'priod': 76, 'publish_time': 1700819999}, {'ID': 131, 'priod': 75, 'publish_time': 1700215199}, {'ID': 129, 'priod': 74, 'publish_time': 1699610399}, {'ID': 127, 'priod': 73, 'publish_time': 1699005660}, {'ID': 125, 'priod': 72, 'publish_time': 1698400799}, {'ID': 123, 'priod': 71, 'publish_time': 1697795999}, {'ID': 121, 'priod': 70, 'publish_time': 1697191199}, {'ID': 119, 'priod': 69, 'publish_time': 1696586400}, {'ID': 117, 'priod': 68, 'publish_time': 1695981600}, {'ID': 115, 'priod': 67, 'publish_time': 1695376800}, {'ID': 113, 'priod': 66, 'publish_time': 1694772000}, {'ID': 111, 'priod': 65, 'publish_time': 1694167200}, {'ID': 109, 'priod': 64, 'publish_time': 1693562400}, {'ID': 107, 'priod': 63, 'publish_time': 1692957600}, {'ID': 105, 'priod': 62, 'publish_time': 1692352800}, {'ID': 103, 'priod': 61, 'publish_time': 1691748000}, {'ID': 100, 'priod': 60, 'publish_time': 1691143200}, {'ID': 98, 'priod': 59, 'publish_time': 1690538400}, {'ID': 96, 'priod': 58, 'publish_time': 1689933600}, {'ID': 94, 'priod': 57, 'publish_time': 1689328800}, {'ID': 92, 'priod': 56, 'publish_time': 1688724000}, {'ID': 90, 'priod': 55, 'publish_time': 1688119200}, {'ID': 88, 'priod': 54, 'publish_time': 1687514399}, {'ID': 86, 'priod': 53, 'publish_time': 1686909599}, {'ID': 84, 'priod': 52, 'publish_time': 1686304799}, {'ID': 82, 'priod': 51, 'publish_time': 1685699999}, {'ID': 80, 'priod': 50, 'publish_time': 1685095439}, {'ID': 78, 'priod': 49, 'publish_time': 1684490466}, {'ID': 76, 'priod': 48, 'publish_time': 1683885696}, {'ID': 74, 'priod': 47, 'publish_time': 1683281010}, {'ID': 72, 'priod': 46, 'publish_time': 1682675999}, {'ID': 70, 'priod': 45, 'publish_time': 1682071442}, {'ID': 68, 'priod': 44, 'publish_time': 1681466400}, {'ID': 66, 'priod': 43, 'publish_time': 1680861599}, {'ID': 64, 'priod': 42, 'publish_time': 1680256799}, {'ID': 62, 'priod': 41, 'publish_time': 1679652088}, {'ID': 60, 'priod': 40, 'publish_time': 1679047199}, {'ID': 58, 'priod': 39, 'publish_time': 1678442399}, {'ID': 56, 'priod': 38, 'publish_time': 1677837600}, {'ID': 54, 'priod': 37, 'publish_time': 1677232800}, {'ID': 52, 'priod': 36, 'publish_time': 1676628000}, {'ID': 50, 'priod': 35, 'publish_time': 1676023199}, {'ID': 48, 'priod': 34, 'publish_time': 1675418399}, {'ID': 46, 'priod': 33, 'publish_time': 1674813599}, {'ID': 44, 'priod': 32, 'publish_time': 1674208799}, {'ID': 42, 'priod': 31, 'publish_time': 1673603999}, {'ID': 40, 'priod': 30, 'publish_time': 1672999199}], '2024': [{'ID': 247, 'priod': 133, 'publish_time': 1735293600}, {'ID': 245, 'priod': 132, 'publish_time': 1734688800}, {'ID': 243, 'priod': 131, 'publish_time': 1734084000}, {'ID': 241, 'priod': 130, 'publish_time': 1733479200}, {'ID': 239, 'priod': 129, 'publish_time': 1732874400}, {'ID': 237, 'priod': 128, 'publish_time': 1732269600}, {'ID': 235, 'priod': 127, 'publish_time': 1731664800}, {'ID': 233, 'priod': 126, 'publish_time': 1731060000}, {'ID': 231, 'priod': 125, 'publish_time': 1730455200}, {'ID': 229, 'priod': 124, 'publish_time': 1729851677}, {'ID': 227, 'priod': 123, 'publish_time': 1729245600}, {'ID': 225, 'priod': 122, 'publish_time': 1728640800}, {'ID': 223, 'priod': 121, 'publish_time': 1728036000}, {'ID': 221, 'priod': 120, 'publish_time': 1727431200}, {'ID': 219, 'priod': 119, 'publish_time': 1726826400}, {'ID': 217, 'priod': 118, 'publish_time': 1726221600}, {'ID': 215, 'priod': 117, 'publish_time': 1725616800}, {'ID': 213, 'priod': 116, 'publish_time': 1725012000}, {'ID': 211, 'priod': 115, 'publish_time': 1724407200}, {'ID': 209, 'priod': 114, 'publish_time': 1723802400}, {'ID': 207, 'priod': 113, 'publish_time': 1723197639}, {'ID': 205, 'priod': 112, 'publish_time': 1722592828}, {'ID': 203, 'priod': 111, 'publish_time': 1721988000}, {'ID': 201, 'priod': 110, 'publish_time': 1721383200}, {'ID': 199, 'priod': 109, 'publish_time': 1720778400}, {'ID': 197, 'priod': 108, 'publish_time': 1720173794}, {'ID': 195, 'priod': 107, 'publish_time': 1719568800}, {'ID': 193, 'priod': 106, 'publish_time': 1718964000}, {'ID': 191, 'priod': 105, 'publish_time': 1718359354}, {'ID': 189, 'priod': 104, 'publish_time': 1717754400}, {'ID': 187, 'priod': 103, 'publish_time': 1717149600}, {'ID': 185, 'priod': 102, 'publish_time': 1716544800}, {'ID': 183, 'priod': 101, 'publish_time': 1715940039}, {'ID': 181, 'priod': 100, 'publish_time': 1715335261}, {'ID': 179, 'priod': 99, 'publish_time': 1714730400}, {'ID': 177, 'priod': 98, 'publish_time': 1714125600}, {'ID': 175, 'priod': 97, 'publish_time': 1713520800}, {'ID': 173, 'priod': 96, 'publish_time': 1712916000}, {'ID': 171, 'priod': 95, 'publish_time': 1712311211}, {'ID': 169, 'priod': 94, 'publish_time': 1711706400}, {'ID': 167, 'priod': 93, 'publish_time': 1711101600}, {'ID': 165, 'priod': 92, 'publish_time': 1710497115}, {'ID': 163, 'priod': 91, 'publish_time': 1709892091}, {'ID': 161, 'priod': 90, 'publish_time': 1709287200}, {'ID': 159, 'priod': 89, 'publish_time': 1708682400}, {'ID': 157, 'priod': 88, 'publish_time': 1708077600}, {'ID': 155, 'priod': 87, 'publish_time': 1707472800}, {'ID': 153, 'priod': 86, 'publish_time': 1706868000}, {'ID': 151, 'priod': 85, 'publish_time': 1706263200}, {'ID': 149, 'priod': 84, 'publish_time': 1705658400}, {'ID': 147, 'priod': 83, 'publish_time': 1705053626}, {'ID': 145, 'priod': 82, 'publish_time': 1704448800}], '2025': [{'ID': 297, 'priod': 158, 'publish_time': 1750413600}, {'ID': 295, 'priod': 157, 'publish_time': 1749808800}, {'ID': 293, 'priod': 156, 'publish_time': 1749204246}, {'ID': 291, 'priod': 155, 'publish_time': 1748599200}, {'ID': 289, 'priod': 154, 'publish_time': 1747994400}, {'ID': 287, 'priod': 153, 'publish_time': 1747389600}, {'ID': 285, 'priod': 152, 'publish_time': 1746784800}, {'ID': 283, 'priod': 151, 'publish_time': 1746180000}, {'ID': 281, 'priod': 150, 'publish_time': 1745575200}, {'ID': 279, 'priod': 149, 'publish_time': 1744974975}, {'ID': 277, 'priod': 148, 'publish_time': 1744365600}, {'ID': 275, 'priod': 147, 'publish_time': 1743760800}, {'ID': 273, 'priod': 146, 'publish_time': 1743156000}, {'ID': 271, 'priod': 145, 'publish_time': 1742551200}, {'ID': 269, 'priod': 144, 'publish_time': 1741946400}, {'ID': 267, 'priod': 143, 'publish_time': 1741341600}, {'ID': 265, 'priod': 142, 'publish_time': 1740736800}, {'ID': 263, 'priod': 141, 'publish_time': 1740132000}, {'ID': 261, 'priod': 140, 'publish_time': 1739527200}, {'ID': 259, 'priod': 139, 'publish_time': 1738922400}, {'ID': 257, 'priod': 138, 'publish_time': 1738317600}, {'ID': 255, 'priod': 137, 'publish_time': 1737712800}, {'ID': 253, 'priod': 136, 'publish_time': 1737108000}, {'ID': 251, 'priod': 135, 'publish_time': 1736503200}, {'ID': 249, 'priod': 134, 'publish_time': 1735898400}]}
2025-06-26 07:20:45 | INFO | bilibili-crawler | 爬取数据完成
2025-06-26 07:20:45 | INFO | bilibili-crawler | 开始数据清洗
2025-06-26 07:20:47 | INFO | bilibili-crawler | 数据清洗完成
2025-06-26 07:20:47 | INFO | bilibili-crawler | 生成数据分析报告中
2025-06-26 07:20:47 | INFO | bilibili-crawler | 数据分析报告已生成
2025-06-26 07:22:34 | INFO | bilibili-crawler | 开始爬取数据
2025-06-26 07:22:38 | INFO | bilibili-crawler | 匹配到的文件: ['音乐榜单-热榜-数据爬取20250626_072235_096287.json']
2025-06-26 07:22:38 | INFO | bilibili-crawler | 最新的原始数据文件: 音乐榜单-热榜-数据爬取20250626_072235_096287.json
2025-06-26 07:22:38 | INFO | bilibili-crawler | 年度:2022
2025-06-26 07:22:38 | INFO | bilibili-crawler | 年度:2023
2025-06-26 07:22:38 | INFO | bilibili-crawler | 年度:2024
2025-06-26 07:22:38 | INFO | bilibili-crawler | 年度:2025
2025-06-26 07:22:38 | INFO | bilibili-crawler | 爬取数据完成
2025-06-26 07:22:38 | INFO | bilibili-crawler | 开始数据清洗
2025-06-26 07:22:40 | INFO | bilibili-crawler | 数据清洗完成
2025-06-26 07:22:40 | INFO | bilibili-crawler | 生成数据分析报告中
2025-06-26 07:22:40 | INFO | bilibili-crawler | 数据分析报告已生成
2025-06-26 07:27:02 | INFO | bilibili-crawler | 开始爬取数据
2025-06-26 07:27:06 | INFO | bilibili-crawler | 匹配到的文件: ['音乐榜单-热榜-数据爬取20250626_072235_096287.json', '音乐榜单-热榜-数据爬取20250626_072703_122298.json']
2025-06-26 07:27:06 | INFO | bilibili-crawler | 最新的原始数据文件: 音乐榜单-热榜-数据爬取20250626_072703_122298.json
2025-06-26 07:27:06 | INFO | bilibili-crawler | 年度:2022
2025-06-26 07:27:30 | INFO | bilibili-crawler | 开始爬取数据
2025-06-26 07:27:34 | INFO | bilibili-crawler | 匹配到的文件: ['音乐榜单-热榜-数据爬取20250626_072235_096287.json', '音乐榜单-热榜-数据爬取20250626_072703_122298.json', '音乐榜单-热榜-数据爬取20250626_072731_035128.json']
2025-06-26 07:27:34 | INFO | bilibili-crawler | 最新的原始数据文件: 音乐榜单-热榜-数据爬取20250626_072731_035128.json
2025-06-26 07:27:34 | INFO | bilibili-crawler | 年度:2022
2025-06-26 07:27:34 | INFO | bilibili-crawler | 年度:2023
2025-06-26 07:27:34 | INFO | bilibili-crawler | 年度:2024
2025-06-26 07:27:34 | INFO | bilibili-crawler | 年度:2025
2025-06-26 07:27:34 | INFO | bilibili-crawler | 爬取数据完成
2025-06-26 07:27:34 | INFO | bilibili-crawler | 开始数据清洗
2025-06-26 07:27:36 | INFO | bilibili-crawler | 数据清洗完成
2025-06-26 07:27:36 | INFO | bilibili-crawler | 生成数据分析报告中
2025-06-26 07:27:36 | INFO | bilibili-crawler | 数据分析报告已生成
2025-06-26 07:29:39 | INFO | bilibili-crawler | 开始爬取数据
2025-06-26 07:29:42 | INFO | bilibili-crawler | 匹配到的文件: ['音乐榜单-热榜-数据爬取20250626_072235_096287.json', '音乐榜单-热榜-数据爬取20250626_072703_122298.json', '音乐榜单-热榜-数据爬取20250626_072731_035128.json', '音乐榜单-热榜-数据爬取20250626_072939_828448.json']
2025-06-26 07:29:42 | INFO | bilibili-crawler | 最新的原始数据文件: 音乐榜单-热榜-数据爬取20250626_072939_828448.json
2025-06-26 07:29:42 | INFO | bilibili-crawler | 年度:2022
2025-06-26 07:30:13 | INFO | bilibili-crawler | 开始爬取数据
2025-06-26 07:30:16 | INFO | bilibili-crawler | 匹配到的文件: ['音乐榜单-热榜-数据爬取20250626_072235_096287.json', '音乐榜单-热榜-数据爬取20250626_072703_122298.json', '音乐榜单-热榜-数据爬取20250626_072731_035128.json', '音乐榜单-热榜-数据爬取20250626_072939_828448.json', '音乐榜单-热榜-数据爬取20250626_073013_913142.json']
2025-06-26 07:30:16 | INFO | bilibili-crawler | 最新的原始数据文件: 音乐榜单-热榜-数据爬取20250626_073013_913142.json
2025-06-26 07:30:16 | INFO | bilibili-crawler | 年度:2022
2025-06-26 07:30:39 | INFO | bilibili-crawler | 年度:2023
2025-06-26 07:31:18 | INFO | bilibili-crawler | 年度:2024
2025-06-26 07:31:56 | INFO | bilibili-crawler | 年度:2025
2025-06-26 07:32:14 | INFO | bilibili-crawler | 爬取数据完成
2025-06-26 07:32:14 | INFO | bilibili-crawler | 开始数据清洗
2025-06-26 07:32:16 | INFO | bilibili-crawler | 数据清洗完成
2025-06-26 07:32:16 | INFO | bilibili-crawler | 生成数据分析报告中
2025-06-26 07:32:16 | INFO | bilibili-crawler | 数据分析报告已生成
2025-06-26 07:33:25 | INFO | bilibili-crawler | 开始爬取数据
2025-06-26 07:33:28 | INFO | bilibili-crawler | 匹配到的文件: ['音乐榜单-热榜-20250626_073325_824036.json']
2025-06-26 07:33:28 | INFO | bilibili-crawler | 最新的原始数据文件: 音乐榜单-热榜-20250626_073325_824036.json
2025-06-26 07:33:28 | INFO | bilibili-crawler | 年度:2022
2025-06-26 07:33:49 | INFO | bilibili-crawler | 年度:2023
2025-06-26 07:34:26 | INFO | bilibili-crawler | 年度:2024
2025-06-26 07:35:02 | INFO | bilibili-crawler | 年度:2025
2025-06-26 07:35:19 | INFO | bilibili-crawler | 爬取数据完成
2025-06-26 07:35:19 | INFO | bilibili-crawler | 开始数据清洗
2025-06-26 07:35:21 | INFO | bilibili-crawler | 数据清洗完成
2025-06-26 07:35:21 | INFO | bilibili-crawler | 生成数据分析报告中
2025-06-26 07:35:21 | INFO | bilibili-crawler | 数据分析报告已生成
2025-06-26 07:45:16 | INFO | bilibili-crawler | 开始爬取数据
2025-06-26 07:45:19 | INFO | bilibili-crawler | 匹配到的文件: ['音乐榜单-热榜-20250626_074516_286968.json']
2025-06-26 07:45:19 | INFO | bilibili-crawler | 最新的原始数据文件: 音乐榜单-热榜-20250626_074516_286968.json
2025-06-26 07:45:19 | INFO | bilibili-crawler | 年度:2022
2025-06-26 07:45:27 | INFO | bilibili-crawler | 年度:2023
2025-06-26 07:45:43 | INFO | bilibili-crawler | 年度:2024
2025-06-26 07:46:02 | INFO | bilibili-crawler | 年度:2025
2025-06-26 07:46:17 | INFO | bilibili-crawler | 爬取数据完成
2025-06-26 07:46:17 | INFO | bilibili-crawler | 开始数据清洗
2025-06-26 07:46:19 | INFO | bilibili-crawler | 数据清洗完成
2025-06-26 07:46:19 | INFO | bilibili-crawler | 生成数据分析报告中
2025-06-26 07:46:19 | INFO | bilibili-crawler | 数据分析报告已生成
2025-06-26 07:47:38 | INFO | bilibili-crawler | 开始爬取数据
2025-06-26 07:47:38 | INFO | bilibili-crawler | 当前存储的文件为：C:\Users\29145\Desktop\WorkSpace\6.25大数据采集与分析课设\bilibili-crawler\data\raw\音乐榜单-热榜-20250626_074738_984314.json
2025-06-26 07:47:41 | INFO | bilibili-crawler | 匹配到的文件: ['音乐榜单-热榜-20250626_074738_981964.json']
2025-06-26 07:47:42 | INFO | bilibili-crawler | 最新的原始数据文件: 音乐榜单-热榜-20250626_074738_981964.json
2025-06-26 07:47:42 | INFO | bilibili-crawler | 年度:2022
2025-06-26 07:47:42 | INFO | bilibili-crawler | 当前存储的文件为：C:\Users\29145\Desktop\WorkSpace\6.25大数据采集与分析课设\bilibili-crawler\data\raw\音频榜单单期信息-热榜-第29期-2022年度-20250626_074742_317642.json
2025-06-26 07:47:42 | INFO | bilibili-crawler | 当前存储的文件为：C:\Users\29145\Desktop\WorkSpace\6.25大数据采集与分析课设\bilibili-crawler\data\raw\音频榜单单期信息-热榜-第28期-2022年度-20250626_074742_614665.json
2025-06-26 07:47:42 | INFO | bilibili-crawler | 当前存储的文件为：C:\Users\29145\Desktop\WorkSpace\6.25大数据采集与分析课设\bilibili-crawler\data\raw\音频榜单单期信息-热榜-第27期-2022年度-20250626_074742_902719.json
2025-06-26 07:47:43 | INFO | bilibili-crawler | 当前存储的文件为：C:\Users\29145\Desktop\WorkSpace\6.25大数据采集与分析课设\bilibili-crawler\data\raw\音频榜单单期信息-热榜-第26期-2022年度-20250626_074743_191014.json
2025-06-26 07:47:43 | INFO | bilibili-crawler | 当前存储的文件为：C:\Users\29145\Desktop\WorkSpace\6.25大数据采集与分析课设\bilibili-crawler\data\raw\音频榜单单期信息-热榜-第25期-2022年度-20250626_074743_473088.json
2025-06-26 07:47:43 | INFO | bilibili-crawler | 当前存储的文件为：C:\Users\29145\Desktop\WorkSpace\6.25大数据采集与分析课设\bilibili-crawler\data\raw\音频榜单单期信息-热榜-第24期-2022年度-20250626_074743_738731.json
2025-06-26 07:47:44 | INFO | bilibili-crawler | 当前存储的文件为：C:\Users\29145\Desktop\WorkSpace\6.25大数据采集与分析课设\bilibili-crawler\data\raw\音频榜单单期信息-热榜-第23期-2022年度-20250626_074744_053326.json
2025-06-26 07:47:44 | INFO | bilibili-crawler | 当前存储的文件为：C:\Users\29145\Desktop\WorkSpace\6.25大数据采集与分析课设\bilibili-crawler\data\raw\音频榜单单期信息-热榜-第22期-2022年度-20250626_074744_354367.json
2025-06-26 07:47:44 | INFO | bilibili-crawler | 当前存储的文件为：C:\Users\29145\Desktop\WorkSpace\6.25大数据采集与分析课设\bilibili-crawler\data\raw\音频榜单单期信息-热榜-第21期-2022年度-20250626_074744_655433.json
2025-06-26 07:47:44 | INFO | bilibili-crawler | 当前存储的文件为：C:\Users\29145\Desktop\WorkSpace\6.25大数据采集与分析课设\bilibili-crawler\data\raw\音频榜单单期信息-热榜-第20期-2022年度-20250626_074744_952524.json
2025-06-26 07:47:45 | INFO | bilibili-crawler | 当前存储的文件为：C:\Users\29145\Desktop\WorkSpace\6.25大数据采集与分析课设\bilibili-crawler\data\raw\音频榜单单期信息-热榜-第19期-2022年度-20250626_074745_248726.json
2025-06-26 07:47:45 | INFO | bilibili-crawler | 当前存储的文件为：C:\Users\29145\Desktop\WorkSpace\6.25大数据采集与分析课设\bilibili-crawler\data\raw\音频榜单单期信息-热榜-第18期-2022年度-20250626_074745_543440.json
2025-06-26 07:47:45 | INFO | bilibili-crawler | 当前存储的文件为：C:\Users\29145\Desktop\WorkSpace\6.25大数据采集与分析课设\bilibili-crawler\data\raw\音频榜单单期信息-热榜-第17期-2022年度-20250626_074745_860505.json
2025-06-26 07:47:46 | INFO | bilibili-crawler | 当前存储的文件为：C:\Users\29145\Desktop\WorkSpace\6.25大数据采集与分析课设\bilibili-crawler\data\raw\音频榜单单期信息-热榜-第16期-2022年度-20250626_074746_172118.json
2025-06-26 07:47:46 | INFO | bilibili-crawler | 当前存储的文件为：C:\Users\29145\Desktop\WorkSpace\6.25大数据采集与分析课设\bilibili-crawler\data\raw\音频榜单单期信息-热榜-第15期-2022年度-20250626_074746_451542.json
2025-06-26 07:47:46 | INFO | bilibili-crawler | 当前存储的文件为：C:\Users\29145\Desktop\WorkSpace\6.25大数据采集与分析课设\bilibili-crawler\data\raw\音频榜单单期信息-热榜-第14期-2022年度-20250626_074746_739788.json
2025-06-26 07:47:47 | INFO | bilibili-crawler | 当前存储的文件为：C:\Users\29145\Desktop\WorkSpace\6.25大数据采集与分析课设\bilibili-crawler\data\raw\音频榜单单期信息-热榜-第13期-2022年度-20250626_074747_048098.json
2025-06-26 07:47:47 | INFO | bilibili-crawler | 当前存储的文件为：C:\Users\29145\Desktop\WorkSpace\6.25大数据采集与分析课设\bilibili-crawler\data\raw\音频榜单单期信息-热榜-第12期-2022年度-20250626_074747_339604.json
2025-06-26 07:47:47 | INFO | bilibili-crawler | 当前存储的文件为：C:\Users\29145\Desktop\WorkSpace\6.25大数据采集与分析课设\bilibili-crawler\data\raw\音频榜单单期信息-热榜-第11期-2022年度-20250626_074747_882977.json
2025-06-26 07:47:48 | INFO | bilibili-crawler | 当前存储的文件为：C:\Users\29145\Desktop\WorkSpace\6.25大数据采集与分析课设\bilibili-crawler\data\raw\音频榜单单期信息-热榜-第10期-2022年度-20250626_074748_177876.json
2025-06-26 07:47:48 | INFO | bilibili-crawler | 当前存储的文件为：C:\Users\29145\Desktop\WorkSpace\6.25大数据采集与分析课设\bilibili-crawler\data\raw\音频榜单单期信息-热榜-第9期-2022年度-20250626_074748_462860.json
2025-06-26 07:47:48 | INFO | bilibili-crawler | 当前存储的文件为：C:\Users\29145\Desktop\WorkSpace\6.25大数据采集与分析课设\bilibili-crawler\data\raw\音频榜单单期信息-热榜-第8期-2022年度-20250626_074748_781422.json
2025-06-26 07:47:49 | INFO | bilibili-crawler | 当前存储的文件为：C:\Users\29145\Desktop\WorkSpace\6.25大数据采集与分析课设\bilibili-crawler\data\raw\音频榜单单期信息-热榜-第7期-2022年度-20250626_074749_052235.json
2025-06-26 07:47:49 | INFO | bilibili-crawler | 当前存储的文件为：C:\Users\29145\Desktop\WorkSpace\6.25大数据采集与分析课设\bilibili-crawler\data\raw\音频榜单单期信息-热榜-第6期-2022年度-20250626_074749_328514.json
2025-06-26 07:47:49 | INFO | bilibili-crawler | 当前存储的文件为：C:\Users\29145\Desktop\WorkSpace\6.25大数据采集与分析课设\bilibili-crawler\data\raw\音频榜单单期信息-热榜-第5期-2022年度-20250626_074749_605514.json
2025-06-26 07:47:49 | INFO | bilibili-crawler | 当前存储的文件为：C:\Users\29145\Desktop\WorkSpace\6.25大数据采集与分析课设\bilibili-crawler\data\raw\音频榜单单期信息-热榜-第4期-2022年度-20250626_074749_905160.json
2025-06-26 07:47:50 | INFO | bilibili-crawler | 当前存储的文件为：C:\Users\29145\Desktop\WorkSpace\6.25大数据采集与分析课设\bilibili-crawler\data\raw\音频榜单单期信息-热榜-第3期-2022年度-20250626_074750_172001.json
2025-06-26 07:47:50 | INFO | bilibili-crawler | 当前存储的文件为：C:\Users\29145\Desktop\WorkSpace\6.25大数据采集与分析课设\bilibili-crawler\data\raw\音频榜单单期信息-热榜-第2期-2022年度-20250626_074750_475200.json
2025-06-26 07:47:50 | INFO | bilibili-crawler | 当前存储的文件为：C:\Users\29145\Desktop\WorkSpace\6.25大数据采集与分析课设\bilibili-crawler\data\raw\音频榜单单期信息-热榜-第1期-2022年度-20250626_074750_774783.json
2025-06-26 07:47:50 | INFO | bilibili-crawler | 年度:2023
2025-06-26 07:47:51 | INFO | bilibili-crawler | 当前存储的文件为：C:\Users\29145\Desktop\WorkSpace\6.25大数据采集与分析课设\bilibili-crawler\data\raw\音频榜单单期信息-热榜-第81期-2023年度-20250626_074751_078946.json
2025-06-26 07:47:51 | INFO | bilibili-crawler | 当前存储的文件为：C:\Users\29145\Desktop\WorkSpace\6.25大数据采集与分析课设\bilibili-crawler\data\raw\音频榜单单期信息-热榜-第80期-2023年度-20250626_074751_366988.json
2025-06-26 07:47:51 | INFO | bilibili-crawler | 当前存储的文件为：C:\Users\29145\Desktop\WorkSpace\6.25大数据采集与分析课设\bilibili-crawler\data\raw\音频榜单单期信息-热榜-第79期-2023年度-20250626_074751_649354.json
2025-06-26 07:47:51 | INFO | bilibili-crawler | 当前存储的文件为：C:\Users\29145\Desktop\WorkSpace\6.25大数据采集与分析课设\bilibili-crawler\data\raw\音频榜单单期信息-热榜-第78期-2023年度-20250626_074751_951249.json
2025-06-26 07:47:52 | INFO | bilibili-crawler | 当前存储的文件为：C:\Users\29145\Desktop\WorkSpace\6.25大数据采集与分析课设\bilibili-crawler\data\raw\音频榜单单期信息-热榜-第77期-2023年度-20250626_074752_231203.json
2025-06-26 07:47:52 | INFO | bilibili-crawler | 当前存储的文件为：C:\Users\29145\Desktop\WorkSpace\6.25大数据采集与分析课设\bilibili-crawler\data\raw\音频榜单单期信息-热榜-第76期-2023年度-20250626_074752_530789.json
2025-06-26 07:47:52 | INFO | bilibili-crawler | 当前存储的文件为：C:\Users\29145\Desktop\WorkSpace\6.25大数据采集与分析课设\bilibili-crawler\data\raw\音频榜单单期信息-热榜-第75期-2023年度-20250626_074752_837971.json
2025-06-26 07:47:53 | INFO | bilibili-crawler | 当前存储的文件为：C:\Users\29145\Desktop\WorkSpace\6.25大数据采集与分析课设\bilibili-crawler\data\raw\音频榜单单期信息-热榜-第74期-2023年度-20250626_074753_124440.json
2025-06-26 07:47:53 | INFO | bilibili-crawler | 当前存储的文件为：C:\Users\29145\Desktop\WorkSpace\6.25大数据采集与分析课设\bilibili-crawler\data\raw\音频榜单单期信息-热榜-第73期-2023年度-20250626_074753_431458.json
2025-06-26 07:47:53 | INFO | bilibili-crawler | 当前存储的文件为：C:\Users\29145\Desktop\WorkSpace\6.25大数据采集与分析课设\bilibili-crawler\data\raw\音频榜单单期信息-热榜-第72期-2023年度-20250626_074753_719282.json
2025-06-26 07:47:54 | INFO | bilibili-crawler | 当前存储的文件为：C:\Users\29145\Desktop\WorkSpace\6.25大数据采集与分析课设\bilibili-crawler\data\raw\音频榜单单期信息-热榜-第71期-2023年度-20250626_074754_021098.json
2025-06-26 07:47:54 | INFO | bilibili-crawler | 当前存储的文件为：C:\Users\29145\Desktop\WorkSpace\6.25大数据采集与分析课设\bilibili-crawler\data\raw\音频榜单单期信息-热榜-第70期-2023年度-20250626_074754_308804.json
2025-06-26 07:47:54 | INFO | bilibili-crawler | 当前存储的文件为：C:\Users\29145\Desktop\WorkSpace\6.25大数据采集与分析课设\bilibili-crawler\data\raw\音频榜单单期信息-热榜-第69期-2023年度-20250626_074754_589751.json
2025-06-26 07:47:54 | INFO | bilibili-crawler | 当前存储的文件为：C:\Users\29145\Desktop\WorkSpace\6.25大数据采集与分析课设\bilibili-crawler\data\raw\音频榜单单期信息-热榜-第68期-2023年度-20250626_074754_894517.json
2025-06-26 07:47:55 | INFO | bilibili-crawler | 当前存储的文件为：C:\Users\29145\Desktop\WorkSpace\6.25大数据采集与分析课设\bilibili-crawler\data\raw\音频榜单单期信息-热榜-第67期-2023年度-20250626_074755_201939.json
2025-06-26 07:47:55 | INFO | bilibili-crawler | 当前存储的文件为：C:\Users\29145\Desktop\WorkSpace\6.25大数据采集与分析课设\bilibili-crawler\data\raw\音频榜单单期信息-热榜-第66期-2023年度-20250626_074755_484305.json
2025-06-26 07:47:55 | INFO | bilibili-crawler | 当前存储的文件为：C:\Users\29145\Desktop\WorkSpace\6.25大数据采集与分析课设\bilibili-crawler\data\raw\音频榜单单期信息-热榜-第65期-2023年度-20250626_074755_794806.json
2025-06-26 07:47:56 | INFO | bilibili-crawler | 当前存储的文件为：C:\Users\29145\Desktop\WorkSpace\6.25大数据采集与分析课设\bilibili-crawler\data\raw\音频榜单单期信息-热榜-第64期-2023年度-20250626_074756_094429.json
2025-06-26 07:47:56 | INFO | bilibili-crawler | 当前存储的文件为：C:\Users\29145\Desktop\WorkSpace\6.25大数据采集与分析课设\bilibili-crawler\data\raw\音频榜单单期信息-热榜-第63期-2023年度-20250626_074756_382006.json
2025-06-26 07:47:56 | INFO | bilibili-crawler | 当前存储的文件为：C:\Users\29145\Desktop\WorkSpace\6.25大数据采集与分析课设\bilibili-crawler\data\raw\音频榜单单期信息-热榜-第62期-2023年度-20250626_074756_718727.json
2025-06-26 07:47:57 | INFO | bilibili-crawler | 当前存储的文件为：C:\Users\29145\Desktop\WorkSpace\6.25大数据采集与分析课设\bilibili-crawler\data\raw\音频榜单单期信息-热榜-第61期-2023年度-20250626_074757_104572.json
2025-06-26 07:47:57 | INFO | bilibili-crawler | 当前存储的文件为：C:\Users\29145\Desktop\WorkSpace\6.25大数据采集与分析课设\bilibili-crawler\data\raw\音频榜单单期信息-热榜-第60期-2023年度-20250626_074757_409062.json
2025-06-26 07:47:57 | INFO | bilibili-crawler | 当前存储的文件为：C:\Users\29145\Desktop\WorkSpace\6.25大数据采集与分析课设\bilibili-crawler\data\raw\音频榜单单期信息-热榜-第59期-2023年度-20250626_074757_685071.json
2025-06-26 07:47:57 | INFO | bilibili-crawler | 当前存储的文件为：C:\Users\29145\Desktop\WorkSpace\6.25大数据采集与分析课设\bilibili-crawler\data\raw\音频榜单单期信息-热榜-第58期-2023年度-20250626_074757_966382.json
2025-06-26 07:47:58 | INFO | bilibili-crawler | 当前存储的文件为：C:\Users\29145\Desktop\WorkSpace\6.25大数据采集与分析课设\bilibili-crawler\data\raw\音频榜单单期信息-热榜-第57期-2023年度-20250626_074758_271142.json
2025-06-26 07:47:58 | INFO | bilibili-crawler | 当前存储的文件为：C:\Users\29145\Desktop\WorkSpace\6.25大数据采集与分析课设\bilibili-crawler\data\raw\音频榜单单期信息-热榜-第56期-2023年度-20250626_074758_560006.json
2025-06-26 07:47:58 | INFO | bilibili-crawler | 当前存储的文件为：C:\Users\29145\Desktop\WorkSpace\6.25大数据采集与分析课设\bilibili-crawler\data\raw\音频榜单单期信息-热榜-第55期-2023年度-20250626_074758_845182.json
2025-06-26 07:47:59 | INFO | bilibili-crawler | 当前存储的文件为：C:\Users\29145\Desktop\WorkSpace\6.25大数据采集与分析课设\bilibili-crawler\data\raw\音频榜单单期信息-热榜-第54期-2023年度-20250626_074759_142289.json
2025-06-26 07:47:59 | INFO | bilibili-crawler | 当前存储的文件为：C:\Users\29145\Desktop\WorkSpace\6.25大数据采集与分析课设\bilibili-crawler\data\raw\音频榜单单期信息-热榜-第53期-2023年度-20250626_074759_443866.json
2025-06-26 07:47:59 | INFO | bilibili-crawler | 当前存储的文件为：C:\Users\29145\Desktop\WorkSpace\6.25大数据采集与分析课设\bilibili-crawler\data\raw\音频榜单单期信息-热榜-第52期-2023年度-20250626_074759_712409.json
2025-06-26 07:48:00 | INFO | bilibili-crawler | 当前存储的文件为：C:\Users\29145\Desktop\WorkSpace\6.25大数据采集与分析课设\bilibili-crawler\data\raw\音频榜单单期信息-热榜-第51期-2023年度-20250626_074800_020884.json
2025-06-26 07:48:00 | INFO | bilibili-crawler | 当前存储的文件为：C:\Users\29145\Desktop\WorkSpace\6.25大数据采集与分析课设\bilibili-crawler\data\raw\音频榜单单期信息-热榜-第50期-2023年度-20250626_074800_298571.json
2025-06-26 07:48:00 | INFO | bilibili-crawler | 当前存储的文件为：C:\Users\29145\Desktop\WorkSpace\6.25大数据采集与分析课设\bilibili-crawler\data\raw\音频榜单单期信息-热榜-第49期-2023年度-20250626_074800_588327.json
2025-06-26 07:48:00 | INFO | bilibili-crawler | 当前存储的文件为：C:\Users\29145\Desktop\WorkSpace\6.25大数据采集与分析课设\bilibili-crawler\data\raw\音频榜单单期信息-热榜-第48期-2023年度-20250626_074800_876392.json
2025-06-26 07:48:01 | INFO | bilibili-crawler | 当前存储的文件为：C:\Users\29145\Desktop\WorkSpace\6.25大数据采集与分析课设\bilibili-crawler\data\raw\音频榜单单期信息-热榜-第47期-2023年度-20250626_074801_186508.json
2025-06-26 07:48:01 | INFO | bilibili-crawler | 当前存储的文件为：C:\Users\29145\Desktop\WorkSpace\6.25大数据采集与分析课设\bilibili-crawler\data\raw\音频榜单单期信息-热榜-第46期-2023年度-20250626_074801_825517.json
2025-06-26 07:48:02 | INFO | bilibili-crawler | 当前存储的文件为：C:\Users\29145\Desktop\WorkSpace\6.25大数据采集与分析课设\bilibili-crawler\data\raw\音频榜单单期信息-热榜-第45期-2023年度-20250626_074802_460793.json
2025-06-26 07:48:03 | INFO | bilibili-crawler | 当前存储的文件为：C:\Users\29145\Desktop\WorkSpace\6.25大数据采集与分析课设\bilibili-crawler\data\raw\音频榜单单期信息-热榜-第44期-2023年度-20250626_074803_339054.json
2025-06-26 07:48:03 | INFO | bilibili-crawler | 当前存储的文件为：C:\Users\29145\Desktop\WorkSpace\6.25大数据采集与分析课设\bilibili-crawler\data\raw\音频榜单单期信息-热榜-第43期-2023年度-20250626_074803_976388.json
2025-06-26 07:48:04 | INFO | bilibili-crawler | 当前存储的文件为：C:\Users\29145\Desktop\WorkSpace\6.25大数据采集与分析课设\bilibili-crawler\data\raw\音频榜单单期信息-热榜-第42期-2023年度-20250626_074804_581650.json
2025-06-26 07:48:05 | INFO | bilibili-crawler | 当前存储的文件为：C:\Users\29145\Desktop\WorkSpace\6.25大数据采集与分析课设\bilibili-crawler\data\raw\音频榜单单期信息-热榜-第41期-2023年度-20250626_074805_174066.json
2025-06-26 07:48:05 | INFO | bilibili-crawler | 当前存储的文件为：C:\Users\29145\Desktop\WorkSpace\6.25大数据采集与分析课设\bilibili-crawler\data\raw\音频榜单单期信息-热榜-第40期-2023年度-20250626_074805_810683.json
2025-06-26 07:48:06 | INFO | bilibili-crawler | 当前存储的文件为：C:\Users\29145\Desktop\WorkSpace\6.25大数据采集与分析课设\bilibili-crawler\data\raw\音频榜单单期信息-热榜-第39期-2023年度-20250626_074806_412555.json
2025-06-26 07:48:07 | INFO | bilibili-crawler | 当前存储的文件为：C:\Users\29145\Desktop\WorkSpace\6.25大数据采集与分析课设\bilibili-crawler\data\raw\音频榜单单期信息-热榜-第38期-2023年度-20250626_074807_064347.json
2025-06-26 07:48:07 | INFO | bilibili-crawler | 当前存储的文件为：C:\Users\29145\Desktop\WorkSpace\6.25大数据采集与分析课设\bilibili-crawler\data\raw\音频榜单单期信息-热榜-第37期-2023年度-20250626_074807_704121.json
2025-06-26 07:48:08 | INFO | bilibili-crawler | 当前存储的文件为：C:\Users\29145\Desktop\WorkSpace\6.25大数据采集与分析课设\bilibili-crawler\data\raw\音频榜单单期信息-热榜-第36期-2023年度-20250626_074808_322230.json
2025-06-26 07:48:21 | INFO | bilibili-crawler | 开始爬取数据
2025-06-26 07:48:22 | INFO | bilibili-crawler | 当前存储的文件为：音乐榜单-热榜-20250626_074822_101873.json
2025-06-26 07:48:25 | INFO | bilibili-crawler | 匹配到的文件: ['音乐榜单-热榜-20250626_074822_100908.json']
2025-06-26 07:48:25 | INFO | bilibili-crawler | 最新的原始数据文件: 音乐榜单-热榜-20250626_074822_100908.json
2025-06-26 07:48:25 | INFO | bilibili-crawler | 年度:2022
2025-06-26 07:48:25 | INFO | bilibili-crawler | 当前存储的文件为：音频榜单单期信息-热榜-第29期-2022年度-20250626_074825_420099.json
2025-06-26 07:48:25 | INFO | bilibili-crawler | 当前存储的文件为：音频榜单单期信息-热榜-第28期-2022年度-20250626_074825_749854.json
2025-06-26 07:48:26 | INFO | bilibili-crawler | 当前存储的文件为：音频榜单单期信息-热榜-第27期-2022年度-20250626_074826_030963.json
2025-06-26 07:48:26 | INFO | bilibili-crawler | 当前存储的文件为：音频榜单单期信息-热榜-第26期-2022年度-20250626_074826_315163.json
2025-06-26 07:48:26 | INFO | bilibili-crawler | 当前存储的文件为：音频榜单单期信息-热榜-第25期-2022年度-20250626_074826_647462.json
2025-06-26 07:48:26 | INFO | bilibili-crawler | 当前存储的文件为：音频榜单单期信息-热榜-第24期-2022年度-20250626_074826_950434.json
2025-06-26 07:48:27 | INFO | bilibili-crawler | 当前存储的文件为：音频榜单单期信息-热榜-第23期-2022年度-20250626_074827_241781.json
2025-06-26 07:48:27 | INFO | bilibili-crawler | 当前存储的文件为：音频榜单单期信息-热榜-第22期-2022年度-20250626_074827_524510.json
2025-06-26 07:48:27 | INFO | bilibili-crawler | 当前存储的文件为：音频榜单单期信息-热榜-第21期-2022年度-20250626_074827_817559.json
2025-06-26 07:48:28 | INFO | bilibili-crawler | 当前存储的文件为：音频榜单单期信息-热榜-第20期-2022年度-20250626_074828_132689.json
2025-06-26 07:48:28 | INFO | bilibili-crawler | 当前存储的文件为：音频榜单单期信息-热榜-第19期-2022年度-20250626_074828_431288.json
2025-06-26 07:48:28 | INFO | bilibili-crawler | 当前存储的文件为：音频榜单单期信息-热榜-第18期-2022年度-20250626_074828_742021.json
2025-06-26 07:48:29 | INFO | bilibili-crawler | 当前存储的文件为：音频榜单单期信息-热榜-第17期-2022年度-20250626_074829_023062.json
2025-06-26 07:48:29 | INFO | bilibili-crawler | 当前存储的文件为：音频榜单单期信息-热榜-第16期-2022年度-20250626_074829_347964.json
2025-06-26 07:48:29 | INFO | bilibili-crawler | 当前存储的文件为：音频榜单单期信息-热榜-第15期-2022年度-20250626_074829_652234.json
2025-06-26 07:48:29 | INFO | bilibili-crawler | 当前存储的文件为：音频榜单单期信息-热榜-第14期-2022年度-20250626_074829_940442.json
2025-06-26 07:48:30 | INFO | bilibili-crawler | 当前存储的文件为：音频榜单单期信息-热榜-第13期-2022年度-20250626_074830_240749.json
2025-06-26 07:48:30 | INFO | bilibili-crawler | 当前存储的文件为：音频榜单单期信息-热榜-第12期-2022年度-20250626_074830_522506.json
2025-06-26 07:48:30 | INFO | bilibili-crawler | 当前存储的文件为：音频榜单单期信息-热榜-第11期-2022年度-20250626_074830_810157.json
2025-06-26 07:48:31 | INFO | bilibili-crawler | 当前存储的文件为：音频榜单单期信息-热榜-第10期-2022年度-20250626_074831_097896.json
2025-06-26 07:48:31 | INFO | bilibili-crawler | 当前存储的文件为：音频榜单单期信息-热榜-第9期-2022年度-20250626_074831_405999.json
2025-06-26 07:48:31 | INFO | bilibili-crawler | 当前存储的文件为：音频榜单单期信息-热榜-第8期-2022年度-20250626_074831_719995.json
2025-06-26 07:48:32 | INFO | bilibili-crawler | 当前存储的文件为：音频榜单单期信息-热榜-第7期-2022年度-20250626_074832_040608.json
2025-06-26 07:48:32 | INFO | bilibili-crawler | 当前存储的文件为：音频榜单单期信息-热榜-第6期-2022年度-20250626_074832_326685.json
2025-06-26 07:48:32 | INFO | bilibili-crawler | 当前存储的文件为：音频榜单单期信息-热榜-第5期-2022年度-20250626_074832_652859.json
2025-06-26 07:48:32 | INFO | bilibili-crawler | 当前存储的文件为：音频榜单单期信息-热榜-第4期-2022年度-20250626_074832_925059.json
2025-06-26 07:48:33 | INFO | bilibili-crawler | 当前存储的文件为：音频榜单单期信息-热榜-第3期-2022年度-20250626_074833_233989.json
2025-06-26 07:48:33 | INFO | bilibili-crawler | 当前存储的文件为：音频榜单单期信息-热榜-第2期-2022年度-20250626_074833_555793.json
2025-06-26 07:48:33 | INFO | bilibili-crawler | 当前存储的文件为：音频榜单单期信息-热榜-第1期-2022年度-20250626_074833_858178.json
2025-06-26 07:48:33 | INFO | bilibili-crawler | 年度:2023
2025-06-26 07:48:34 | INFO | bilibili-crawler | 当前存储的文件为：音频榜单单期信息-热榜-第81期-2023年度-20250626_074834_160340.json
2025-06-26 07:48:34 | INFO | bilibili-crawler | 当前存储的文件为：音频榜单单期信息-热榜-第80期-2023年度-20250626_074834_464092.json
2025-06-26 07:48:34 | INFO | bilibili-crawler | 当前存储的文件为：音频榜单单期信息-热榜-第79期-2023年度-20250626_074834_759819.json
2025-06-26 07:48:35 | INFO | bilibili-crawler | 当前存储的文件为：音频榜单单期信息-热榜-第78期-2023年度-20250626_074835_026278.json
2025-06-26 07:48:35 | INFO | bilibili-crawler | 当前存储的文件为：音频榜单单期信息-热榜-第77期-2023年度-20250626_074835_303352.json
2025-06-26 07:48:35 | INFO | bilibili-crawler | 当前存储的文件为：音频榜单单期信息-热榜-第76期-2023年度-20250626_074835_587648.json
2025-06-26 07:48:35 | INFO | bilibili-crawler | 当前存储的文件为：音频榜单单期信息-热榜-第75期-2023年度-20250626_074835_880118.json
2025-06-26 07:48:36 | INFO | bilibili-crawler | 当前存储的文件为：音频榜单单期信息-热榜-第74期-2023年度-20250626_074836_233700.json
2025-06-26 07:48:36 | INFO | bilibili-crawler | 当前存储的文件为：音频榜单单期信息-热榜-第73期-2023年度-20250626_074836_820925.json
2025-06-26 07:48:37 | INFO | bilibili-crawler | 当前存储的文件为：音频榜单单期信息-热榜-第72期-2023年度-20250626_074837_122750.json
2025-06-26 07:48:37 | INFO | bilibili-crawler | 当前存储的文件为：音频榜单单期信息-热榜-第71期-2023年度-20250626_074837_468219.json
2025-06-26 07:48:37 | INFO | bilibili-crawler | 当前存储的文件为：音频榜单单期信息-热榜-第70期-2023年度-20250626_074837_776981.json
2025-06-26 07:48:38 | INFO | bilibili-crawler | 当前存储的文件为：音频榜单单期信息-热榜-第69期-2023年度-20250626_074838_086312.json
2025-06-26 07:48:38 | INFO | bilibili-crawler | 当前存储的文件为：音频榜单单期信息-热榜-第68期-2023年度-20250626_074838_394788.json
2025-06-26 07:48:38 | INFO | bilibili-crawler | 当前存储的文件为：音频榜单单期信息-热榜-第67期-2023年度-20250626_074838_740343.json
2025-06-26 07:48:39 | INFO | bilibili-crawler | 当前存储的文件为：音频榜单单期信息-热榜-第66期-2023年度-20250626_074839_017796.json
2025-06-26 07:48:39 | INFO | bilibili-crawler | 当前存储的文件为：音频榜单单期信息-热榜-第65期-2023年度-20250626_074839_304052.json
2025-06-26 07:48:39 | INFO | bilibili-crawler | 当前存储的文件为：音频榜单单期信息-热榜-第64期-2023年度-20250626_074839_583149.json
2025-06-26 07:48:39 | INFO | bilibili-crawler | 当前存储的文件为：音频榜单单期信息-热榜-第63期-2023年度-20250626_074839_871274.json
2025-06-26 07:48:40 | INFO | bilibili-crawler | 当前存储的文件为：音频榜单单期信息-热榜-第62期-2023年度-20250626_074840_157774.json
2025-06-26 07:48:40 | INFO | bilibili-crawler | 当前存储的文件为：音频榜单单期信息-热榜-第61期-2023年度-20250626_074840_434614.json
2025-06-26 07:48:40 | INFO | bilibili-crawler | 当前存储的文件为：音频榜单单期信息-热榜-第60期-2023年度-20250626_074840_734413.json
2025-06-26 07:48:41 | INFO | bilibili-crawler | 当前存储的文件为：音频榜单单期信息-热榜-第59期-2023年度-20250626_074841_031841.json
2025-06-26 07:48:41 | INFO | bilibili-crawler | 当前存储的文件为：音频榜单单期信息-热榜-第58期-2023年度-20250626_074841_323271.json
2025-06-26 07:48:41 | INFO | bilibili-crawler | 当前存储的文件为：音频榜单单期信息-热榜-第57期-2023年度-20250626_074841_629017.json
2025-06-26 07:48:41 | INFO | bilibili-crawler | 当前存储的文件为：音频榜单单期信息-热榜-第56期-2023年度-20250626_074841_915797.json
2025-06-26 07:48:42 | INFO | bilibili-crawler | 当前存储的文件为：音频榜单单期信息-热榜-第55期-2023年度-20250626_074842_197523.json
2025-06-26 07:48:42 | INFO | bilibili-crawler | 当前存储的文件为：音频榜单单期信息-热榜-第54期-2023年度-20250626_074842_490715.json
2025-06-26 07:48:42 | INFO | bilibili-crawler | 当前存储的文件为：音频榜单单期信息-热榜-第53期-2023年度-20250626_074842_786723.json
2025-06-26 07:48:43 | INFO | bilibili-crawler | 当前存储的文件为：音频榜单单期信息-热榜-第52期-2023年度-20250626_074843_087454.json
2025-06-26 07:48:43 | INFO | bilibili-crawler | 当前存储的文件为：音频榜单单期信息-热榜-第51期-2023年度-20250626_074843_368978.json
2025-06-26 07:48:43 | INFO | bilibili-crawler | 当前存储的文件为：音频榜单单期信息-热榜-第50期-2023年度-20250626_074843_648847.json
2025-06-26 07:48:43 | INFO | bilibili-crawler | 当前存储的文件为：音频榜单单期信息-热榜-第49期-2023年度-20250626_074843_946925.json
2025-06-26 07:48:44 | INFO | bilibili-crawler | 当前存储的文件为：音频榜单单期信息-热榜-第48期-2023年度-20250626_074844_246300.json
2025-06-26 07:48:44 | INFO | bilibili-crawler | 当前存储的文件为：音频榜单单期信息-热榜-第47期-2023年度-20250626_074844_551245.json
2025-06-26 07:48:44 | INFO | bilibili-crawler | 当前存储的文件为：音频榜单单期信息-热榜-第46期-2023年度-20250626_074844_915738.json
2025-06-26 07:48:45 | INFO | bilibili-crawler | 当前存储的文件为：音频榜单单期信息-热榜-第45期-2023年度-20250626_074845_200350.json
2025-06-26 07:48:45 | INFO | bilibili-crawler | 当前存储的文件为：音频榜单单期信息-热榜-第44期-2023年度-20250626_074845_500780.json
2025-06-26 07:48:45 | INFO | bilibili-crawler | 当前存储的文件为：音频榜单单期信息-热榜-第43期-2023年度-20250626_074845_829817.json
2025-06-26 07:48:46 | INFO | bilibili-crawler | 当前存储的文件为：音频榜单单期信息-热榜-第42期-2023年度-20250626_074846_113390.json
2025-06-26 07:48:46 | INFO | bilibili-crawler | 当前存储的文件为：音频榜单单期信息-热榜-第41期-2023年度-20250626_074846_389631.json
2025-06-26 07:48:46 | INFO | bilibili-crawler | 当前存储的文件为：音频榜单单期信息-热榜-第40期-2023年度-20250626_074846_694647.json
2025-06-26 07:48:47 | INFO | bilibili-crawler | 当前存储的文件为：音频榜单单期信息-热榜-第39期-2023年度-20250626_074847_005750.json
2025-06-26 07:48:47 | INFO | bilibili-crawler | 当前存储的文件为：音频榜单单期信息-热榜-第38期-2023年度-20250626_074847_306593.json
2025-06-26 07:48:47 | INFO | bilibili-crawler | 当前存储的文件为：音频榜单单期信息-热榜-第37期-2023年度-20250626_074847_602196.json
2025-06-26 07:48:47 | INFO | bilibili-crawler | 当前存储的文件为：音频榜单单期信息-热榜-第36期-2023年度-20250626_074847_899411.json
2025-06-26 07:48:48 | INFO | bilibili-crawler | 当前存储的文件为：音频榜单单期信息-热榜-第35期-2023年度-20250626_074848_206745.json
2025-06-26 07:48:48 | INFO | bilibili-crawler | 当前存储的文件为：音频榜单单期信息-热榜-第34期-2023年度-20250626_074848_510212.json
2025-06-26 07:48:48 | INFO | bilibili-crawler | 当前存储的文件为：音频榜单单期信息-热榜-第33期-2023年度-20250626_074848_804037.json
2025-06-26 07:48:49 | INFO | bilibili-crawler | 当前存储的文件为：音频榜单单期信息-热榜-第32期-2023年度-20250626_074849_099376.json
2025-06-26 07:48:49 | INFO | bilibili-crawler | 当前存储的文件为：音频榜单单期信息-热榜-第31期-2023年度-20250626_074849_402601.json
2025-06-26 07:48:49 | INFO | bilibili-crawler | 当前存储的文件为：音频榜单单期信息-热榜-第30期-2023年度-20250626_074849_740188.json
2025-06-26 07:48:49 | INFO | bilibili-crawler | 年度:2024
2025-06-26 07:48:50 | INFO | bilibili-crawler | 当前存储的文件为：音频榜单单期信息-热榜-第133期-2024年度-20250626_074850_029915.json
2025-06-26 07:48:50 | INFO | bilibili-crawler | 当前存储的文件为：音频榜单单期信息-热榜-第132期-2024年度-20250626_074850_307709.json
2025-06-26 07:48:50 | INFO | bilibili-crawler | 当前存储的文件为：音频榜单单期信息-热榜-第131期-2024年度-20250626_074850_591694.json
2025-06-26 07:48:50 | INFO | bilibili-crawler | 当前存储的文件为：音频榜单单期信息-热榜-第130期-2024年度-20250626_074850_879998.json
2025-06-26 07:48:51 | INFO | bilibili-crawler | 当前存储的文件为：音频榜单单期信息-热榜-第129期-2024年度-20250626_074851_186967.json
2025-06-26 07:48:51 | INFO | bilibili-crawler | 当前存储的文件为：音频榜单单期信息-热榜-第128期-2024年度-20250626_074851_699852.json
2025-06-26 07:48:51 | INFO | bilibili-crawler | 当前存储的文件为：音频榜单单期信息-热榜-第127期-2024年度-20250626_074851_977354.json
2025-06-26 07:48:52 | INFO | bilibili-crawler | 当前存储的文件为：音频榜单单期信息-热榜-第126期-2024年度-20250626_074852_262312.json
2025-06-26 07:48:52 | INFO | bilibili-crawler | 当前存储的文件为：音频榜单单期信息-热榜-第125期-2024年度-20250626_074852_570445.json
2025-06-26 07:48:52 | INFO | bilibili-crawler | 当前存储的文件为：音频榜单单期信息-热榜-第124期-2024年度-20250626_074852_872127.json
2025-06-26 07:48:53 | INFO | bilibili-crawler | 当前存储的文件为：音频榜单单期信息-热榜-第123期-2024年度-20250626_074853_135685.json
2025-06-26 07:48:53 | INFO | bilibili-crawler | 当前存储的文件为：音频榜单单期信息-热榜-第122期-2024年度-20250626_074853_425197.json
2025-06-26 07:48:53 | INFO | bilibili-crawler | 当前存储的文件为：音频榜单单期信息-热榜-第121期-2024年度-20250626_074853_714967.json
2025-06-26 07:48:54 | INFO | bilibili-crawler | 当前存储的文件为：音频榜单单期信息-热榜-第120期-2024年度-20250626_074854_007444.json
2025-06-26 07:48:54 | INFO | bilibili-crawler | 当前存储的文件为：音频榜单单期信息-热榜-第119期-2024年度-20250626_074854_289178.json
2025-06-26 07:48:54 | INFO | bilibili-crawler | 当前存储的文件为：音频榜单单期信息-热榜-第118期-2024年度-20250626_074854_591264.json
2025-06-26 07:48:54 | INFO | bilibili-crawler | 当前存储的文件为：音频榜单单期信息-热榜-第117期-2024年度-20250626_074854_899213.json
2025-06-26 07:48:55 | INFO | bilibili-crawler | 当前存储的文件为：音频榜单单期信息-热榜-第116期-2024年度-20250626_074855_210335.json
2025-06-26 07:48:55 | INFO | bilibili-crawler | 当前存储的文件为：音频榜单单期信息-热榜-第115期-2024年度-20250626_074855_490063.json
2025-06-26 07:48:55 | INFO | bilibili-crawler | 当前存储的文件为：音频榜单单期信息-热榜-第114期-2024年度-20250626_074855_774600.json
2025-06-26 07:48:56 | INFO | bilibili-crawler | 当前存储的文件为：音频榜单单期信息-热榜-第113期-2024年度-20250626_074856_064997.json
2025-06-26 07:48:56 | INFO | bilibili-crawler | 当前存储的文件为：音频榜单单期信息-热榜-第112期-2024年度-20250626_074856_356820.json
2025-06-26 07:48:56 | INFO | bilibili-crawler | 当前存储的文件为：音频榜单单期信息-热榜-第111期-2024年度-20250626_074856_658741.json
2025-06-26 07:48:56 | INFO | bilibili-crawler | 当前存储的文件为：音频榜单单期信息-热榜-第110期-2024年度-20250626_074856_948658.json
2025-06-26 07:48:57 | INFO | bilibili-crawler | 当前存储的文件为：音频榜单单期信息-热榜-第109期-2024年度-20250626_074857_247296.json
2025-06-26 07:48:57 | INFO | bilibili-crawler | 当前存储的文件为：音频榜单单期信息-热榜-第108期-2024年度-20250626_074857_562608.json
2025-06-26 07:48:57 | INFO | bilibili-crawler | 当前存储的文件为：音频榜单单期信息-热榜-第107期-2024年度-20250626_074857_850776.json
2025-06-26 07:48:58 | INFO | bilibili-crawler | 当前存储的文件为：音频榜单单期信息-热榜-第106期-2024年度-20250626_074858_151120.json
2025-06-26 07:48:58 | INFO | bilibili-crawler | 当前存储的文件为：音频榜单单期信息-热榜-第105期-2024年度-20250626_074858_457317.json
2025-06-26 07:48:58 | INFO | bilibili-crawler | 当前存储的文件为：音频榜单单期信息-热榜-第104期-2024年度-20250626_074858_736727.json
2025-06-26 07:48:59 | INFO | bilibili-crawler | 当前存储的文件为：音频榜单单期信息-热榜-第103期-2024年度-20250626_074859_016099.json
2025-06-26 07:48:59 | INFO | bilibili-crawler | 当前存储的文件为：音频榜单单期信息-热榜-第102期-2024年度-20250626_074859_307321.json
2025-06-26 07:48:59 | INFO | bilibili-crawler | 当前存储的文件为：音频榜单单期信息-热榜-第101期-2024年度-20250626_074859_606225.json
2025-06-26 07:48:59 | INFO | bilibili-crawler | 当前存储的文件为：音频榜单单期信息-热榜-第100期-2024年度-20250626_074859_884996.json
2025-06-26 07:49:00 | INFO | bilibili-crawler | 当前存储的文件为：音频榜单单期信息-热榜-第99期-2024年度-20250626_074900_157318.json
2025-06-26 07:49:00 | INFO | bilibili-crawler | 当前存储的文件为：音频榜单单期信息-热榜-第98期-2024年度-20250626_074900_449391.json
2025-06-26 07:49:00 | INFO | bilibili-crawler | 当前存储的文件为：音频榜单单期信息-热榜-第97期-2024年度-20250626_074900_738195.json
2025-06-26 07:49:01 | INFO | bilibili-crawler | 当前存储的文件为：音频榜单单期信息-热榜-第96期-2024年度-20250626_074901_037787.json
2025-06-26 07:49:01 | INFO | bilibili-crawler | 当前存储的文件为：音频榜单单期信息-热榜-第95期-2024年度-20250626_074901_313752.json
2025-06-26 07:49:01 | INFO | bilibili-crawler | 当前存储的文件为：音频榜单单期信息-热榜-第94期-2024年度-20250626_074901_606560.json
2025-06-26 07:49:01 | INFO | bilibili-crawler | 当前存储的文件为：音频榜单单期信息-热榜-第93期-2024年度-20250626_074901_879800.json
2025-06-26 07:49:02 | INFO | bilibili-crawler | 当前存储的文件为：音频榜单单期信息-热榜-第92期-2024年度-20250626_074902_170016.json
2025-06-26 07:49:02 | INFO | bilibili-crawler | 当前存储的文件为：音频榜单单期信息-热榜-第91期-2024年度-20250626_074902_464955.json
2025-06-26 07:49:02 | INFO | bilibili-crawler | 当前存储的文件为：音频榜单单期信息-热榜-第90期-2024年度-20250626_074902_752152.json
2025-06-26 07:49:03 | INFO | bilibili-crawler | 当前存储的文件为：音频榜单单期信息-热榜-第89期-2024年度-20250626_074903_058162.json
2025-06-26 07:49:03 | INFO | bilibili-crawler | 当前存储的文件为：音频榜单单期信息-热榜-第88期-2024年度-20250626_074903_354473.json
2025-06-26 07:49:03 | INFO | bilibili-crawler | 当前存储的文件为：音频榜单单期信息-热榜-第87期-2024年度-20250626_074903_665159.json
2025-06-26 07:49:03 | INFO | bilibili-crawler | 当前存储的文件为：音频榜单单期信息-热榜-第86期-2024年度-20250626_074903_962708.json
2025-06-26 07:49:04 | INFO | bilibili-crawler | 当前存储的文件为：音频榜单单期信息-热榜-第85期-2024年度-20250626_074904_255641.json
2025-06-26 07:49:04 | INFO | bilibili-crawler | 当前存储的文件为：音频榜单单期信息-热榜-第84期-2024年度-20250626_074904_549777.json
2025-06-26 07:49:04 | INFO | bilibili-crawler | 当前存储的文件为：音频榜单单期信息-热榜-第83期-2024年度-20250626_074904_835769.json
2025-06-26 07:49:05 | INFO | bilibili-crawler | 当前存储的文件为：音频榜单单期信息-热榜-第82期-2024年度-20250626_074905_128026.json
2025-06-26 07:49:05 | INFO | bilibili-crawler | 年度:2025
2025-06-26 07:49:05 | INFO | bilibili-crawler | 当前存储的文件为：音频榜单单期信息-热榜-第158期-2025年度-20250626_074905_683068.json
2025-06-26 07:49:05 | INFO | bilibili-crawler | 当前存储的文件为：音频榜单单期信息-热榜-第157期-2025年度-20250626_074905_987301.json
2025-06-26 07:49:06 | INFO | bilibili-crawler | 当前存储的文件为：音频榜单单期信息-热榜-第156期-2025年度-20250626_074906_299080.json
2025-06-26 07:49:06 | INFO | bilibili-crawler | 当前存储的文件为：音频榜单单期信息-热榜-第155期-2025年度-20250626_074906_761215.json
2025-06-26 07:49:07 | INFO | bilibili-crawler | 当前存储的文件为：音频榜单单期信息-热榜-第154期-2025年度-20250626_074907_039035.json
2025-06-26 07:49:07 | INFO | bilibili-crawler | 当前存储的文件为：音频榜单单期信息-热榜-第153期-2025年度-20250626_074907_327414.json
2025-06-26 07:49:07 | INFO | bilibili-crawler | 当前存储的文件为：音频榜单单期信息-热榜-第152期-2025年度-20250626_074907_616571.json
2025-06-26 07:49:07 | INFO | bilibili-crawler | 当前存储的文件为：音频榜单单期信息-热榜-第151期-2025年度-20250626_074907_898366.json
2025-06-26 07:49:08 | INFO | bilibili-crawler | 当前存储的文件为：音频榜单单期信息-热榜-第150期-2025年度-20250626_074908_189498.json
2025-06-26 07:49:08 | INFO | bilibili-crawler | 当前存储的文件为：音频榜单单期信息-热榜-第149期-2025年度-20250626_074908_471648.json
2025-06-26 07:49:08 | INFO | bilibili-crawler | 当前存储的文件为：音频榜单单期信息-热榜-第148期-2025年度-20250626_074908_795027.json
2025-06-26 07:49:09 | INFO | bilibili-crawler | 当前存储的文件为：音频榜单单期信息-热榜-第147期-2025年度-20250626_074909_089879.json
2025-06-26 07:49:09 | INFO | bilibili-crawler | 当前存储的文件为：音频榜单单期信息-热榜-第146期-2025年度-20250626_074909_360998.json
2025-06-26 07:49:09 | INFO | bilibili-crawler | 当前存储的文件为：音频榜单单期信息-热榜-第145期-2025年度-20250626_074909_650863.json
2025-06-26 07:49:09 | INFO | bilibili-crawler | 当前存储的文件为：音频榜单单期信息-热榜-第144期-2025年度-20250626_074909_936413.json
2025-06-26 07:49:10 | INFO | bilibili-crawler | 当前存储的文件为：音频榜单单期信息-热榜-第143期-2025年度-20250626_074910_214877.json
2025-06-26 07:49:10 | INFO | bilibili-crawler | 当前存储的文件为：音频榜单单期信息-热榜-第142期-2025年度-20250626_074910_510867.json
2025-06-26 07:49:10 | INFO | bilibili-crawler | 当前存储的文件为：音频榜单单期信息-热榜-第141期-2025年度-20250626_074910_817533.json
2025-06-26 07:49:11 | INFO | bilibili-crawler | 当前存储的文件为：音频榜单单期信息-热榜-第140期-2025年度-20250626_074911_129378.json
2025-06-26 07:49:11 | INFO | bilibili-crawler | 当前存储的文件为：音频榜单单期信息-热榜-第139期-2025年度-20250626_074911_425909.json
2025-06-26 07:49:11 | INFO | bilibili-crawler | 当前存储的文件为：音频榜单单期信息-热榜-第138期-2025年度-20250626_074911_724239.json
2025-06-26 07:49:12 | INFO | bilibili-crawler | 当前存储的文件为：音频榜单单期信息-热榜-第137期-2025年度-20250626_074912_002339.json
2025-06-26 07:49:12 | INFO | bilibili-crawler | 当前存储的文件为：音频榜单单期信息-热榜-第136期-2025年度-20250626_074912_309263.json
2025-06-26 07:49:12 | INFO | bilibili-crawler | 当前存储的文件为：音频榜单单期信息-热榜-第135期-2025年度-20250626_074912_605217.json
2025-06-26 07:49:12 | INFO | bilibili-crawler | 当前存储的文件为：音频榜单单期信息-热榜-第134期-2025年度-20250626_074912_874265.json
2025-06-26 07:49:12 | INFO | bilibili-crawler | 爬取数据完成
2025-06-26 07:49:12 | INFO | bilibili-crawler | 开始数据清洗
2025-06-26 07:49:14 | INFO | bilibili-crawler | 数据清洗完成
2025-06-26 07:49:14 | INFO | bilibili-crawler | 生成数据分析报告中
2025-06-26 07:49:14 | INFO | bilibili-crawler | 数据分析报告已生成
