2025-06-26 11:49:22 | INFO | bilibili-crawler | 开始爬取数据
2025-06-26 11:49:22 | INFO | bilibili-crawler | 爬取数据完成
2025-06-26 11:49:22 | INFO | bilibili-crawler | 开始数据清洗
2025-06-26 11:49:22 | INFO | bilibili-crawler | 数据清洗完成
2025-06-26 11:49:22 | INFO | bilibili-crawler | 生成数据分析报告中
2025-06-26 11:50:56 | INFO | bilibili-crawler | 开始爬取数据
2025-06-26 11:50:56 | INFO | bilibili-crawler | 当前存储的文件为：音乐榜单-热榜-20250626_115056_930538.json
2025-06-26 11:50:59 | INFO | bilibili-crawler | 匹配到的文件: ['音乐榜单-热榜-20250626_115056_927869.json']
2025-06-26 11:50:59 | INFO | bilibili-crawler | 最新的原始数据文件: 音乐榜单-热榜-20250626_115056_927869.json
2025-06-26 11:50:59 | INFO | bilibili-crawler | 年度:2022
2025-06-26 11:51:00 | INFO | bilibili-crawler | 当前存储的文件为：音频榜单单期信息-热榜-第29期-2022年度-20250626_115100_744221.json
2025-06-26 11:51:01 | INFO | bilibili-crawler | 当前存储的文件为：音频榜单单期信息-热榜-第28期-2022年度-20250626_115101_540154.json
2025-06-26 11:51:02 | INFO | bilibili-crawler | 当前存储的文件为：音频榜单单期信息-热榜-第27期-2022年度-20250626_115102_316167.json
2025-06-26 11:51:03 | INFO | bilibili-crawler | 当前存储的文件为：音频榜单单期信息-热榜-第26期-2022年度-20250626_115103_030316.json
2025-06-26 11:51:03 | INFO | bilibili-crawler | 当前存储的文件为：音频榜单单期信息-热榜-第25期-2022年度-20250626_115103_733420.json
2025-06-26 11:51:04 | INFO | bilibili-crawler | 当前存储的文件为：音频榜单单期信息-热榜-第24期-2022年度-20250626_115104_425571.json
2025-06-26 11:51:05 | INFO | bilibili-crawler | 当前存储的文件为：音频榜单单期信息-热榜-第23期-2022年度-20250626_115105_117525.json
2025-06-26 11:51:05 | INFO | bilibili-crawler | 当前存储的文件为：音频榜单单期信息-热榜-第22期-2022年度-20250626_115105_861054.json
2025-06-26 11:51:06 | INFO | bilibili-crawler | 当前存储的文件为：音频榜单单期信息-热榜-第21期-2022年度-20250626_115106_552366.json
2025-06-26 11:51:07 | INFO | bilibili-crawler | 当前存储的文件为：音频榜单单期信息-热榜-第20期-2022年度-20250626_115107_297543.json
2025-06-26 11:51:08 | INFO | bilibili-crawler | 当前存储的文件为：音频榜单单期信息-热榜-第19期-2022年度-20250626_115108_026974.json
2025-06-26 11:51:08 | INFO | bilibili-crawler | 当前存储的文件为：音频榜单单期信息-热榜-第18期-2022年度-20250626_115108_649660.json
2025-06-26 11:51:09 | INFO | bilibili-crawler | 当前存储的文件为：音频榜单单期信息-热榜-第17期-2022年度-20250626_115109_334226.json
2025-06-26 11:51:10 | INFO | bilibili-crawler | 当前存储的文件为：音频榜单单期信息-热榜-第16期-2022年度-20250626_115110_090721.json
2025-06-26 11:51:10 | INFO | bilibili-crawler | 当前存储的文件为：音频榜单单期信息-热榜-第15期-2022年度-20250626_115110_872137.json
2025-06-26 11:51:11 | INFO | bilibili-crawler | 当前存储的文件为：音频榜单单期信息-热榜-第14期-2022年度-20250626_115111_550251.json
2025-06-26 11:51:12 | INFO | bilibili-crawler | 当前存储的文件为：音频榜单单期信息-热榜-第13期-2022年度-20250626_115112_294377.json
2025-06-26 11:51:13 | INFO | bilibili-crawler | 当前存储的文件为：音频榜单单期信息-热榜-第12期-2022年度-20250626_115113_007072.json
2025-06-26 11:51:13 | INFO | bilibili-crawler | 当前存储的文件为：音频榜单单期信息-热榜-第11期-2022年度-20250626_115113_720852.json
2025-06-26 11:51:14 | INFO | bilibili-crawler | 当前存储的文件为：音频榜单单期信息-热榜-第10期-2022年度-20250626_115114_409065.json
2025-06-26 11:51:15 | INFO | bilibili-crawler | 当前存储的文件为：音频榜单单期信息-热榜-第9期-2022年度-20250626_115115_189075.json
2025-06-26 11:51:15 | INFO | bilibili-crawler | 当前存储的文件为：音频榜单单期信息-热榜-第8期-2022年度-20250626_115115_939864.json
2025-06-26 11:51:16 | INFO | bilibili-crawler | 当前存储的文件为：音频榜单单期信息-热榜-第7期-2022年度-20250626_115116_642213.json
2025-06-26 11:51:17 | INFO | bilibili-crawler | 当前存储的文件为：音频榜单单期信息-热榜-第6期-2022年度-20250626_115117_461387.json
2025-06-26 11:51:18 | INFO | bilibili-crawler | 当前存储的文件为：音频榜单单期信息-热榜-第5期-2022年度-20250626_115118_164558.json
2025-06-26 11:51:18 | INFO | bilibili-crawler | 当前存储的文件为：音频榜单单期信息-热榜-第4期-2022年度-20250626_115118_955106.json
2025-06-26 11:51:19 | INFO | bilibili-crawler | 当前存储的文件为：音频榜单单期信息-热榜-第3期-2022年度-20250626_115119_654822.json
2025-06-26 11:51:20 | INFO | bilibili-crawler | 当前存储的文件为：音频榜单单期信息-热榜-第2期-2022年度-20250626_115120_415643.json
2025-06-26 11:51:21 | INFO | bilibili-crawler | 当前存储的文件为：音频榜单单期信息-热榜-第1期-2022年度-20250626_115121_129667.json
2025-06-26 11:51:21 | INFO | bilibili-crawler | 年度:2023
2025-06-26 11:51:21 | INFO | bilibili-crawler | 当前存储的文件为：音频榜单单期信息-热榜-第81期-2023年度-20250626_115121_917869.json
2025-06-26 11:51:22 | INFO | bilibili-crawler | 当前存储的文件为：音频榜单单期信息-热榜-第80期-2023年度-20250626_115122_634253.json
2025-06-26 11:51:23 | INFO | bilibili-crawler | 当前存储的文件为：音频榜单单期信息-热榜-第79期-2023年度-20250626_115123_397269.json
2025-06-26 11:51:24 | INFO | bilibili-crawler | 当前存储的文件为：音频榜单单期信息-热榜-第78期-2023年度-20250626_115124_138980.json
2025-06-26 11:51:24 | INFO | bilibili-crawler | 当前存储的文件为：音频榜单单期信息-热榜-第77期-2023年度-20250626_115124_848443.json
2025-06-26 11:51:25 | INFO | bilibili-crawler | 当前存储的文件为：音频榜单单期信息-热榜-第76期-2023年度-20250626_115125_597709.json
2025-06-26 11:51:26 | INFO | bilibili-crawler | 当前存储的文件为：音频榜单单期信息-热榜-第75期-2023年度-20250626_115126_299109.json
2025-06-26 11:51:27 | INFO | bilibili-crawler | 当前存储的文件为：音频榜单单期信息-热榜-第74期-2023年度-20250626_115127_001809.json
2025-06-26 11:51:27 | INFO | bilibili-crawler | 当前存储的文件为：音频榜单单期信息-热榜-第73期-2023年度-20250626_115127_702864.json
2025-06-26 11:51:28 | INFO | bilibili-crawler | 当前存储的文件为：音频榜单单期信息-热榜-第72期-2023年度-20250626_115128_394152.json
2025-06-26 11:51:29 | INFO | bilibili-crawler | 当前存储的文件为：音频榜单单期信息-热榜-第71期-2023年度-20250626_115129_121450.json
2025-06-26 11:51:29 | INFO | bilibili-crawler | 当前存储的文件为：音频榜单单期信息-热榜-第70期-2023年度-20250626_115129_848172.json
2025-06-26 11:51:30 | INFO | bilibili-crawler | 当前存储的文件为：音频榜单单期信息-热榜-第69期-2023年度-20250626_115130_674676.json
2025-06-26 11:51:31 | INFO | bilibili-crawler | 当前存储的文件为：音频榜单单期信息-热榜-第68期-2023年度-20250626_115131_393195.json
2025-06-26 11:51:32 | INFO | bilibili-crawler | 当前存储的文件为：音频榜单单期信息-热榜-第67期-2023年度-20250626_115132_093434.json
2025-06-26 11:51:32 | INFO | bilibili-crawler | 当前存储的文件为：音频榜单单期信息-热榜-第66期-2023年度-20250626_115132_844046.json
2025-06-26 11:51:33 | INFO | bilibili-crawler | 当前存储的文件为：音频榜单单期信息-热榜-第65期-2023年度-20250626_115133_581405.json
2025-06-26 11:51:34 | INFO | bilibili-crawler | 当前存储的文件为：音频榜单单期信息-热榜-第64期-2023年度-20250626_115134_316742.json
2025-06-26 11:51:34 | INFO | bilibili-crawler | 当前存储的文件为：音频榜单单期信息-热榜-第63期-2023年度-20250626_115134_964613.json
2025-06-26 11:51:35 | INFO | bilibili-crawler | 当前存储的文件为：音频榜单单期信息-热榜-第62期-2023年度-20250626_115135_643205.json
2025-06-26 11:51:36 | INFO | bilibili-crawler | 当前存储的文件为：音频榜单单期信息-热榜-第61期-2023年度-20250626_115136_324285.json
2025-06-26 11:51:37 | INFO | bilibili-crawler | 当前存储的文件为：音频榜单单期信息-热榜-第60期-2023年度-20250626_115137_144182.json
2025-06-26 11:51:37 | INFO | bilibili-crawler | 当前存储的文件为：音频榜单单期信息-热榜-第59期-2023年度-20250626_115137_875356.json
2025-06-26 11:51:38 | INFO | bilibili-crawler | 当前存储的文件为：音频榜单单期信息-热榜-第58期-2023年度-20250626_115138_583277.json
2025-06-26 11:51:39 | INFO | bilibili-crawler | 当前存储的文件为：音频榜单单期信息-热榜-第57期-2023年度-20250626_115139_318474.json
2025-06-26 11:51:40 | INFO | bilibili-crawler | 当前存储的文件为：音频榜单单期信息-热榜-第56期-2023年度-20250626_115140_055523.json
2025-06-26 11:51:40 | INFO | bilibili-crawler | 当前存储的文件为：音频榜单单期信息-热榜-第55期-2023年度-20250626_115140_738041.json
2025-06-26 11:51:41 | INFO | bilibili-crawler | 当前存储的文件为：音频榜单单期信息-热榜-第54期-2023年度-20250626_115141_486583.json
2025-06-26 11:51:42 | INFO | bilibili-crawler | 当前存储的文件为：音频榜单单期信息-热榜-第53期-2023年度-20250626_115142_241846.json
2025-06-26 11:51:42 | INFO | bilibili-crawler | 当前存储的文件为：音频榜单单期信息-热榜-第52期-2023年度-20250626_115142_935017.json
2025-06-26 11:51:43 | INFO | bilibili-crawler | 当前存储的文件为：音频榜单单期信息-热榜-第51期-2023年度-20250626_115143_698006.json
2025-06-26 11:51:44 | INFO | bilibili-crawler | 当前存储的文件为：音频榜单单期信息-热榜-第50期-2023年度-20250626_115144_468655.json
2025-06-26 11:51:45 | INFO | bilibili-crawler | 当前存储的文件为：音频榜单单期信息-热榜-第49期-2023年度-20250626_115145_235318.json
2025-06-26 11:51:45 | INFO | bilibili-crawler | 当前存储的文件为：音频榜单单期信息-热榜-第48期-2023年度-20250626_115145_959602.json
2025-06-26 11:51:46 | INFO | bilibili-crawler | 当前存储的文件为：音频榜单单期信息-热榜-第47期-2023年度-20250626_115146_655000.json
2025-06-26 11:51:47 | INFO | bilibili-crawler | 当前存储的文件为：音频榜单单期信息-热榜-第46期-2023年度-20250626_115147_314617.json
2025-06-26 11:51:48 | INFO | bilibili-crawler | 当前存储的文件为：音频榜单单期信息-热榜-第45期-2023年度-20250626_115148_039591.json
2025-06-26 11:51:48 | INFO | bilibili-crawler | 当前存储的文件为：音频榜单单期信息-热榜-第44期-2023年度-20250626_115148_768409.json
2025-06-26 11:51:49 | INFO | bilibili-crawler | 当前存储的文件为：音频榜单单期信息-热榜-第43期-2023年度-20250626_115149_557384.json
2025-06-26 11:51:50 | INFO | bilibili-crawler | 当前存储的文件为：音频榜单单期信息-热榜-第42期-2023年度-20250626_115150_300732.json
2025-06-26 11:51:51 | INFO | bilibili-crawler | 当前存储的文件为：音频榜单单期信息-热榜-第41期-2023年度-20250626_115151_079025.json
2025-06-26 11:51:51 | INFO | bilibili-crawler | 当前存储的文件为：音频榜单单期信息-热榜-第40期-2023年度-20250626_115151_805035.json
2025-06-26 11:51:52 | INFO | bilibili-crawler | 当前存储的文件为：音频榜单单期信息-热榜-第39期-2023年度-20250626_115152_514316.json
2025-06-26 11:51:53 | INFO | bilibili-crawler | 当前存储的文件为：音频榜单单期信息-热榜-第38期-2023年度-20250626_115153_261097.json
2025-06-26 11:51:53 | INFO | bilibili-crawler | 当前存储的文件为：音频榜单单期信息-热榜-第37期-2023年度-20250626_115153_991765.json
2025-06-26 11:51:54 | INFO | bilibili-crawler | 当前存储的文件为：音频榜单单期信息-热榜-第36期-2023年度-20250626_115154_798020.json
2025-06-26 11:51:55 | INFO | bilibili-crawler | 当前存储的文件为：音频榜单单期信息-热榜-第35期-2023年度-20250626_115155_534809.json
2025-06-26 11:51:56 | INFO | bilibili-crawler | 当前存储的文件为：音频榜单单期信息-热榜-第34期-2023年度-20250626_115156_267324.json
2025-06-26 11:51:57 | INFO | bilibili-crawler | 当前存储的文件为：音频榜单单期信息-热榜-第33期-2023年度-20250626_115157_034278.json
2025-06-26 11:51:57 | INFO | bilibili-crawler | 当前存储的文件为：音频榜单单期信息-热榜-第32期-2023年度-20250626_115157_887521.json
2025-06-26 11:51:58 | INFO | bilibili-crawler | 当前存储的文件为：音频榜单单期信息-热榜-第31期-2023年度-20250626_115158_661528.json
2025-06-26 11:51:59 | INFO | bilibili-crawler | 当前存储的文件为：音频榜单单期信息-热榜-第30期-2023年度-20250626_115159_379722.json
2025-06-26 11:51:59 | INFO | bilibili-crawler | 年度:2024
2025-06-26 11:52:00 | INFO | bilibili-crawler | 当前存储的文件为：音频榜单单期信息-热榜-第133期-2024年度-20250626_115200_136777.json
2025-06-26 11:52:00 | INFO | bilibili-crawler | 当前存储的文件为：音频榜单单期信息-热榜-第132期-2024年度-20250626_115200_843601.json
2025-06-26 11:52:01 | INFO | bilibili-crawler | 当前存储的文件为：音频榜单单期信息-热榜-第131期-2024年度-20250626_115201_624515.json
2025-06-26 11:52:02 | INFO | bilibili-crawler | 当前存储的文件为：音频榜单单期信息-热榜-第130期-2024年度-20250626_115202_383883.json
2025-06-26 11:52:03 | INFO | bilibili-crawler | 当前存储的文件为：音频榜单单期信息-热榜-第129期-2024年度-20250626_115203_095251.json
2025-06-26 11:52:03 | INFO | bilibili-crawler | 当前存储的文件为：音频榜单单期信息-热榜-第128期-2024年度-20250626_115203_977212.json
2025-06-26 11:52:04 | INFO | bilibili-crawler | 当前存储的文件为：音频榜单单期信息-热榜-第127期-2024年度-20250626_115204_656374.json
2025-06-26 11:52:05 | INFO | bilibili-crawler | 当前存储的文件为：音频榜单单期信息-热榜-第126期-2024年度-20250626_115205_395004.json
2025-06-26 11:52:06 | INFO | bilibili-crawler | 当前存储的文件为：音频榜单单期信息-热榜-第125期-2024年度-20250626_115206_164082.json
2025-06-26 11:52:06 | INFO | bilibili-crawler | 当前存储的文件为：音频榜单单期信息-热榜-第124期-2024年度-20250626_115206_903101.json
2025-06-26 11:52:07 | INFO | bilibili-crawler | 当前存储的文件为：音频榜单单期信息-热榜-第123期-2024年度-20250626_115207_665615.json
2025-06-26 11:52:08 | INFO | bilibili-crawler | 当前存储的文件为：音频榜单单期信息-热榜-第122期-2024年度-20250626_115208_407313.json
2025-06-26 11:52:09 | INFO | bilibili-crawler | 当前存储的文件为：音频榜单单期信息-热榜-第121期-2024年度-20250626_115209_207499.json
2025-06-26 11:52:10 | INFO | bilibili-crawler | 当前存储的文件为：音频榜单单期信息-热榜-第120期-2024年度-20250626_115210_018015.json
2025-06-26 11:52:10 | INFO | bilibili-crawler | 当前存储的文件为：音频榜单单期信息-热榜-第119期-2024年度-20250626_115210_703224.json
2025-06-26 11:52:11 | INFO | bilibili-crawler | 当前存储的文件为：音频榜单单期信息-热榜-第118期-2024年度-20250626_115211_458966.json
2025-06-26 11:52:12 | INFO | bilibili-crawler | 当前存储的文件为：音频榜单单期信息-热榜-第117期-2024年度-20250626_115212_263806.json
2025-06-26 11:52:12 | INFO | bilibili-crawler | 当前存储的文件为：音频榜单单期信息-热榜-第116期-2024年度-20250626_115212_989879.json
2025-06-26 11:52:13 | INFO | bilibili-crawler | 当前存储的文件为：音频榜单单期信息-热榜-第115期-2024年度-20250626_115213_763204.json
2025-06-26 11:52:14 | INFO | bilibili-crawler | 当前存储的文件为：音频榜单单期信息-热榜-第114期-2024年度-20250626_115214_566546.json
2025-06-26 11:52:15 | INFO | bilibili-crawler | 当前存储的文件为：音频榜单单期信息-热榜-第113期-2024年度-20250626_115215_277309.json
2025-06-26 11:52:16 | INFO | bilibili-crawler | 当前存储的文件为：音频榜单单期信息-热榜-第112期-2024年度-20250626_115216_003451.json
2025-06-26 11:52:16 | INFO | bilibili-crawler | 当前存储的文件为：音频榜单单期信息-热榜-第111期-2024年度-20250626_115216_808653.json
2025-06-26 11:52:17 | INFO | bilibili-crawler | 当前存储的文件为：音频榜单单期信息-热榜-第110期-2024年度-20250626_115217_445319.json
2025-06-26 11:52:18 | INFO | bilibili-crawler | 当前存储的文件为：音频榜单单期信息-热榜-第109期-2024年度-20250626_115218_123192.json
2025-06-26 11:52:18 | INFO | bilibili-crawler | 当前存储的文件为：音频榜单单期信息-热榜-第108期-2024年度-20250626_115218_873650.json
2025-06-26 11:52:19 | INFO | bilibili-crawler | 当前存储的文件为：音频榜单单期信息-热榜-第107期-2024年度-20250626_115219_633538.json
2025-06-26 11:52:20 | INFO | bilibili-crawler | 当前存储的文件为：音频榜单单期信息-热榜-第106期-2024年度-20250626_115220_357578.json
2025-06-26 11:52:21 | INFO | bilibili-crawler | 当前存储的文件为：音频榜单单期信息-热榜-第105期-2024年度-20250626_115221_076521.json
2025-06-26 11:52:21 | INFO | bilibili-crawler | 当前存储的文件为：音频榜单单期信息-热榜-第104期-2024年度-20250626_115221_822702.json
2025-06-26 11:52:22 | INFO | bilibili-crawler | 当前存储的文件为：音频榜单单期信息-热榜-第103期-2024年度-20250626_115222_556421.json
2025-06-26 11:52:23 | INFO | bilibili-crawler | 当前存储的文件为：音频榜单单期信息-热榜-第102期-2024年度-20250626_115223_284430.json
2025-06-26 11:52:24 | INFO | bilibili-crawler | 当前存储的文件为：音频榜单单期信息-热榜-第101期-2024年度-20250626_115224_006044.json
2025-06-26 11:52:24 | INFO | bilibili-crawler | 当前存储的文件为：音频榜单单期信息-热榜-第100期-2024年度-20250626_115224_760046.json
2025-06-26 11:52:25 | INFO | bilibili-crawler | 当前存储的文件为：音频榜单单期信息-热榜-第99期-2024年度-20250626_115225_482190.json
2025-06-26 11:52:26 | INFO | bilibili-crawler | 当前存储的文件为：音频榜单单期信息-热榜-第98期-2024年度-20250626_115226_152796.json
2025-06-26 11:52:26 | INFO | bilibili-crawler | 当前存储的文件为：音频榜单单期信息-热榜-第97期-2024年度-20250626_115226_909892.json
2025-06-26 11:52:27 | INFO | bilibili-crawler | 当前存储的文件为：音频榜单单期信息-热榜-第96期-2024年度-20250626_115227_653193.json
2025-06-26 11:52:28 | INFO | bilibili-crawler | 当前存储的文件为：音频榜单单期信息-热榜-第95期-2024年度-20250626_115228_374419.json
2025-06-26 11:52:29 | INFO | bilibili-crawler | 当前存储的文件为：音频榜单单期信息-热榜-第94期-2024年度-20250626_115229_129677.json
2025-06-26 11:52:29 | INFO | bilibili-crawler | 当前存储的文件为：音频榜单单期信息-热榜-第93期-2024年度-20250626_115229_904408.json
2025-06-26 11:52:30 | INFO | bilibili-crawler | 当前存储的文件为：音频榜单单期信息-热榜-第92期-2024年度-20250626_115230_702617.json
2025-06-26 11:52:31 | INFO | bilibili-crawler | 当前存储的文件为：音频榜单单期信息-热榜-第91期-2024年度-20250626_115231_427675.json
2025-06-26 11:52:32 | INFO | bilibili-crawler | 当前存储的文件为：音频榜单单期信息-热榜-第90期-2024年度-20250626_115232_077844.json
2025-06-26 11:52:32 | INFO | bilibili-crawler | 当前存储的文件为：音频榜单单期信息-热榜-第89期-2024年度-20250626_115232_853376.json
2025-06-26 11:52:33 | INFO | bilibili-crawler | 当前存储的文件为：音频榜单单期信息-热榜-第88期-2024年度-20250626_115233_603620.json
2025-06-26 11:52:34 | INFO | bilibili-crawler | 当前存储的文件为：音频榜单单期信息-热榜-第87期-2024年度-20250626_115234_370055.json
2025-06-26 11:52:35 | INFO | bilibili-crawler | 当前存储的文件为：音频榜单单期信息-热榜-第86期-2024年度-20250626_115235_132946.json
2025-06-26 11:52:35 | INFO | bilibili-crawler | 当前存储的文件为：音频榜单单期信息-热榜-第85期-2024年度-20250626_115235_891572.json
2025-06-26 11:52:36 | INFO | bilibili-crawler | 当前存储的文件为：音频榜单单期信息-热榜-第84期-2024年度-20250626_115236_581371.json
2025-06-26 11:52:37 | INFO | bilibili-crawler | 当前存储的文件为：音频榜单单期信息-热榜-第83期-2024年度-20250626_115237_280655.json
2025-06-26 11:52:38 | INFO | bilibili-crawler | 当前存储的文件为：音频榜单单期信息-热榜-第82期-2024年度-20250626_115238_122153.json
2025-06-26 11:52:38 | INFO | bilibili-crawler | 年度:2025
2025-06-26 11:52:38 | INFO | bilibili-crawler | 当前存储的文件为：音频榜单单期信息-热榜-第158期-2025年度-20250626_115238_838243.json
2025-06-26 11:52:39 | INFO | bilibili-crawler | 当前存储的文件为：音频榜单单期信息-热榜-第157期-2025年度-20250626_115239_526714.json
2025-06-26 11:52:40 | INFO | bilibili-crawler | 当前存储的文件为：音频榜单单期信息-热榜-第156期-2025年度-20250626_115240_265240.json
2025-06-26 11:52:41 | INFO | bilibili-crawler | 当前存储的文件为：音频榜单单期信息-热榜-第155期-2025年度-20250626_115241_002859.json
2025-06-26 11:52:41 | INFO | bilibili-crawler | 当前存储的文件为：音频榜单单期信息-热榜-第154期-2025年度-20250626_115241_718205.json
2025-06-26 11:52:42 | INFO | bilibili-crawler | 当前存储的文件为：音频榜单单期信息-热榜-第153期-2025年度-20250626_115242_519055.json
2025-06-26 11:52:43 | INFO | bilibili-crawler | 当前存储的文件为：音频榜单单期信息-热榜-第152期-2025年度-20250626_115243_324486.json
2025-06-26 11:52:44 | INFO | bilibili-crawler | 当前存储的文件为：音频榜单单期信息-热榜-第151期-2025年度-20250626_115244_062353.json
2025-06-26 11:52:44 | INFO | bilibili-crawler | 当前存储的文件为：音频榜单单期信息-热榜-第150期-2025年度-20250626_115244_744301.json
2025-06-26 11:52:45 | INFO | bilibili-crawler | 当前存储的文件为：音频榜单单期信息-热榜-第149期-2025年度-20250626_115245_440027.json
2025-06-26 11:52:46 | INFO | bilibili-crawler | 当前存储的文件为：音频榜单单期信息-热榜-第148期-2025年度-20250626_115246_131843.json
2025-06-26 11:52:46 | INFO | bilibili-crawler | 当前存储的文件为：音频榜单单期信息-热榜-第147期-2025年度-20250626_115246_840792.json
2025-06-26 11:52:47 | INFO | bilibili-crawler | 当前存储的文件为：音频榜单单期信息-热榜-第146期-2025年度-20250626_115247_461800.json
2025-06-26 11:52:48 | INFO | bilibili-crawler | 当前存储的文件为：音频榜单单期信息-热榜-第145期-2025年度-20250626_115248_135098.json
2025-06-26 11:52:48 | INFO | bilibili-crawler | 当前存储的文件为：音频榜单单期信息-热榜-第144期-2025年度-20250626_115248_834324.json
2025-06-26 11:52:49 | INFO | bilibili-crawler | 当前存储的文件为：音频榜单单期信息-热榜-第143期-2025年度-20250626_115249_544236.json
2025-06-26 11:52:50 | INFO | bilibili-crawler | 当前存储的文件为：音频榜单单期信息-热榜-第142期-2025年度-20250626_115250_295454.json
2025-06-26 11:52:51 | INFO | bilibili-crawler | 当前存储的文件为：音频榜单单期信息-热榜-第141期-2025年度-20250626_115251_034613.json
2025-06-26 11:52:51 | INFO | bilibili-crawler | 当前存储的文件为：音频榜单单期信息-热榜-第140期-2025年度-20250626_115251_844904.json
2025-06-26 11:52:52 | INFO | bilibili-crawler | 当前存储的文件为：音频榜单单期信息-热榜-第139期-2025年度-20250626_115252_631440.json
2025-06-26 11:52:53 | INFO | bilibili-crawler | 当前存储的文件为：音频榜单单期信息-热榜-第138期-2025年度-20250626_115253_324592.json
2025-06-26 11:52:54 | INFO | bilibili-crawler | 当前存储的文件为：音频榜单单期信息-热榜-第137期-2025年度-20250626_115254_061778.json
2025-06-26 11:52:54 | INFO | bilibili-crawler | 当前存储的文件为：音频榜单单期信息-热榜-第136期-2025年度-20250626_115254_825153.json
2025-06-26 11:52:55 | INFO | bilibili-crawler | 当前存储的文件为：音频榜单单期信息-热榜-第135期-2025年度-20250626_115255_556526.json
2025-06-26 11:52:56 | INFO | bilibili-crawler | 当前存储的文件为：音频榜单单期信息-热榜-第134期-2025年度-20250626_115256_269346.json
2025-06-26 11:52:56 | INFO | bilibili-crawler | 爬取数据完成
2025-06-26 11:52:56 | INFO | bilibili-crawler | 开始数据清洗
2025-06-26 11:52:56 | INFO | bilibili-cleaner | 当前存储的文件为：音频榜单单期信息-热榜-第100期-2024年度-20250626_115224_758615.json20250626_115256_282354.json
2025-06-26 11:52:56 | INFO | bilibili-cleaner | 当前存储的文件为：音频榜单单期信息-热榜-第101期-2024年度-20250626_115224_003267.json20250626_115256_295822.json
2025-06-26 11:52:56 | INFO | bilibili-cleaner | 当前存储的文件为：音频榜单单期信息-热榜-第102期-2024年度-20250626_115223_282470.json20250626_115256_300956.json
2025-06-26 11:52:56 | INFO | bilibili-cleaner | 当前存储的文件为：音频榜单单期信息-热榜-第103期-2024年度-20250626_115222_553762.json20250626_115256_304423.json
2025-06-26 11:52:56 | INFO | bilibili-cleaner | 当前存储的文件为：音频榜单单期信息-热榜-第104期-2024年度-20250626_115221_819958.json20250626_115256_306615.json
2025-06-26 11:52:56 | INFO | bilibili-cleaner | 当前存储的文件为：音频榜单单期信息-热榜-第105期-2024年度-20250626_115221_073358.json20250626_115256_311446.json
2025-06-26 11:52:56 | INFO | bilibili-cleaner | 当前存储的文件为：音频榜单单期信息-热榜-第106期-2024年度-20250626_115220_355104.json20250626_115256_313401.json
2025-06-26 11:52:56 | INFO | bilibili-cleaner | 当前存储的文件为：音频榜单单期信息-热榜-第107期-2024年度-20250626_115219_630269.json20250626_115256_317275.json
2025-06-26 11:52:56 | INFO | bilibili-cleaner | 当前存储的文件为：音频榜单单期信息-热榜-第108期-2024年度-20250626_115218_872271.json20250626_115256_319751.json
2025-06-26 11:52:56 | INFO | bilibili-cleaner | 当前存储的文件为：音频榜单单期信息-热榜-第109期-2024年度-20250626_115218_120510.json20250626_115256_326873.json
2025-06-26 11:52:56 | INFO | bilibili-cleaner | 当前存储的文件为：音频榜单单期信息-热榜-第10期-2022年度-20250626_115114_406722.json20250626_115256_333365.json
2025-06-26 11:52:56 | INFO | bilibili-cleaner | 当前存储的文件为：音频榜单单期信息-热榜-第110期-2024年度-20250626_115217_444259.json20250626_115256_339482.json
2025-06-26 11:52:56 | INFO | bilibili-cleaner | 当前存储的文件为：音频榜单单期信息-热榜-第111期-2024年度-20250626_115216_805302.json20250626_115256_344796.json
2025-06-26 11:52:56 | INFO | bilibili-cleaner | 当前存储的文件为：音频榜单单期信息-热榜-第112期-2024年度-20250626_115216_001638.json20250626_115256_352607.json
2025-06-26 11:52:56 | INFO | bilibili-cleaner | 当前存储的文件为：音频榜单单期信息-热榜-第113期-2024年度-20250626_115215_274470.json20250626_115256_359375.json
2025-06-26 11:52:56 | INFO | bilibili-cleaner | 当前存储的文件为：音频榜单单期信息-热榜-第114期-2024年度-20250626_115214_563645.json20250626_115256_366453.json
2025-06-26 11:52:56 | INFO | bilibili-cleaner | 当前存储的文件为：音频榜单单期信息-热榜-第115期-2024年度-20250626_115213_760347.json20250626_115256_373753.json
2025-06-26 11:52:56 | INFO | bilibili-cleaner | 当前存储的文件为：音频榜单单期信息-热榜-第116期-2024年度-20250626_115212_987537.json20250626_115256_380370.json
2025-06-26 11:52:56 | INFO | bilibili-cleaner | 当前存储的文件为：音频榜单单期信息-热榜-第117期-2024年度-20250626_115212_261443.json20250626_115256_388640.json
2025-06-26 11:52:56 | INFO | bilibili-cleaner | 当前存储的文件为：音频榜单单期信息-热榜-第118期-2024年度-20250626_115211_449758.json20250626_115256_396944.json
2025-06-26 11:52:56 | INFO | bilibili-cleaner | 当前存储的文件为：音频榜单单期信息-热榜-第119期-2024年度-20250626_115210_700135.json20250626_115256_405240.json
2025-06-26 11:52:56 | INFO | bilibili-cleaner | 当前存储的文件为：音频榜单单期信息-热榜-第11期-2022年度-20250626_115113_719684.json20250626_115256_412201.json
2025-06-26 11:52:56 | INFO | bilibili-cleaner | 当前存储的文件为：音频榜单单期信息-热榜-第120期-2024年度-20250626_115210_003162.json20250626_115256_419568.json
2025-06-26 11:52:56 | INFO | bilibili-cleaner | 当前存储的文件为：音频榜单单期信息-热榜-第121期-2024年度-20250626_115209_204632.json20250626_115256_425881.json
2025-06-26 11:52:56 | INFO | bilibili-cleaner | 当前存储的文件为：音频榜单单期信息-热榜-第122期-2024年度-20250626_115208_404882.json20250626_115256_434445.json
2025-06-26 11:52:56 | INFO | bilibili-cleaner | 当前存储的文件为：音频榜单单期信息-热榜-第123期-2024年度-20250626_115207_664599.json20250626_115256_442353.json
2025-06-26 11:52:56 | INFO | bilibili-cleaner | 当前存储的文件为：音频榜单单期信息-热榜-第124期-2024年度-20250626_115206_901959.json20250626_115256_451102.json
2025-06-26 11:52:56 | INFO | bilibili-cleaner | 当前存储的文件为：音频榜单单期信息-热榜-第125期-2024年度-20250626_115206_161156.json20250626_115256_458666.json
2025-06-26 11:52:56 | INFO | bilibili-cleaner | 当前存储的文件为：音频榜单单期信息-热榜-第126期-2024年度-20250626_115205_392143.json20250626_115256_466466.json
2025-06-26 11:52:56 | INFO | bilibili-cleaner | 当前存储的文件为：音频榜单单期信息-热榜-第127期-2024年度-20250626_115204_654869.json20250626_115256_471241.json
2025-06-26 11:52:56 | INFO | bilibili-cleaner | 当前存储的文件为：音频榜单单期信息-热榜-第128期-2024年度-20250626_115203_976171.json20250626_115256_478713.json
2025-06-26 11:52:56 | INFO | bilibili-cleaner | 当前存储的文件为：音频榜单单期信息-热榜-第129期-2024年度-20250626_115203_092302.json20250626_115256_485687.json
2025-06-26 11:52:56 | INFO | bilibili-cleaner | 当前存储的文件为：音频榜单单期信息-热榜-第12期-2022年度-20250626_115113_004708.json20250626_115256_491835.json
2025-06-26 11:52:56 | INFO | bilibili-cleaner | 当前存储的文件为：音频榜单单期信息-热榜-第130期-2024年度-20250626_115202_382859.json20250626_115256_498603.json
2025-06-26 11:52:56 | INFO | bilibili-cleaner | 当前存储的文件为：音频榜单单期信息-热榜-第131期-2024年度-20250626_115201_623127.json20250626_115256_506327.json
2025-06-26 11:52:56 | INFO | bilibili-cleaner | 当前存储的文件为：音频榜单单期信息-热榜-第132期-2024年度-20250626_115200_841449.json20250626_115256_519156.json
2025-06-26 11:52:56 | INFO | bilibili-cleaner | 当前存储的文件为：音频榜单单期信息-热榜-第133期-2024年度-20250626_115200_135662.json20250626_115256_526795.json
2025-06-26 11:52:56 | INFO | bilibili-cleaner | 当前存储的文件为：音频榜单单期信息-热榜-第134期-2025年度-20250626_115256_266805.json20250626_115256_549726.json
2025-06-26 11:52:56 | INFO | bilibili-cleaner | 当前存储的文件为：音频榜单单期信息-热榜-第135期-2025年度-20250626_115255_553787.json20250626_115256_577309.json
2025-06-26 11:52:56 | INFO | bilibili-cleaner | 当前存储的文件为：音频榜单单期信息-热榜-第136期-2025年度-20250626_115254_812089.json20250626_115256_612528.json
2025-06-26 11:52:56 | INFO | bilibili-cleaner | 当前存储的文件为：音频榜单单期信息-热榜-第137期-2025年度-20250626_115254_059045.json20250626_115256_647258.json
2025-06-26 11:52:56 | INFO | bilibili-cleaner | 当前存储的文件为：音频榜单单期信息-热榜-第138期-2025年度-20250626_115253_321491.json20250626_115256_679083.json
2025-06-26 11:52:56 | INFO | bilibili-cleaner | 当前存储的文件为：音频榜单单期信息-热榜-第139期-2025年度-20250626_115252_629656.json20250626_115256_712187.json
2025-06-26 11:52:56 | INFO | bilibili-cleaner | 当前存储的文件为：音频榜单单期信息-热榜-第13期-2022年度-20250626_115112_291824.json20250626_115256_719909.json
2025-06-26 11:52:56 | INFO | bilibili-cleaner | 当前存储的文件为：音频榜单单期信息-热榜-第140期-2025年度-20250626_115251_842575.json20250626_115256_750594.json
2025-06-26 11:52:56 | INFO | bilibili-cleaner | 当前存储的文件为：音频榜单单期信息-热榜-第141期-2025年度-20250626_115251_033342.json20250626_115256_779019.json
2025-06-26 11:52:56 | INFO | bilibili-cleaner | 当前存储的文件为：音频榜单单期信息-热榜-第142期-2025年度-20250626_115250_292089.json20250626_115256_806289.json
2025-06-26 11:52:56 | INFO | bilibili-cleaner | 当前存储的文件为：音频榜单单期信息-热榜-第143期-2025年度-20250626_115249_541348.json20250626_115256_840846.json
2025-06-26 11:52:56 | INFO | bilibili-cleaner | 当前存储的文件为：音频榜单单期信息-热榜-第144期-2025年度-20250626_115248_832347.json20250626_115256_867634.json
2025-06-26 11:52:56 | INFO | bilibili-cleaner | 当前存储的文件为：音频榜单单期信息-热榜-第145期-2025年度-20250626_115248_134023.json20250626_115256_894113.json
2025-06-26 11:52:56 | INFO | bilibili-cleaner | 当前存储的文件为：音频榜单单期信息-热榜-第146期-2025年度-20250626_115247_460348.json20250626_115256_920411.json
2025-06-26 11:52:56 | INFO | bilibili-cleaner | 当前存储的文件为：音频榜单单期信息-热榜-第147期-2025年度-20250626_115246_838645.json20250626_115256_928571.json
2025-06-26 11:52:56 | INFO | bilibili-cleaner | 当前存储的文件为：音频榜单单期信息-热榜-第148期-2025年度-20250626_115246_128739.json20250626_115256_936823.json
2025-06-26 11:52:56 | INFO | bilibili-cleaner | 当前存储的文件为：音频榜单单期信息-热榜-第149期-2025年度-20250626_115245_437158.json20250626_115256_945193.json
2025-06-26 11:52:56 | INFO | bilibili-cleaner | 当前存储的文件为：音频榜单单期信息-热榜-第14期-2022年度-20250626_115111_547414.json20250626_115256_953239.json
2025-06-26 11:52:56 | INFO | bilibili-cleaner | 当前存储的文件为：音频榜单单期信息-热榜-第150期-2025年度-20250626_115244_742108.json20250626_115256_960575.json
2025-06-26 11:52:56 | INFO | bilibili-cleaner | 当前存储的文件为：音频榜单单期信息-热榜-第151期-2025年度-20250626_115244_061329.json20250626_115256_967607.json
2025-06-26 11:52:56 | INFO | bilibili-cleaner | 当前存储的文件为：音频榜单单期信息-热榜-第152期-2025年度-20250626_115243_321392.json20250626_115256_976401.json
2025-06-26 11:52:56 | INFO | bilibili-cleaner | 当前存储的文件为：音频榜单单期信息-热榜-第153期-2025年度-20250626_115242_517604.json20250626_115256_986519.json
2025-06-26 11:52:56 | INFO | bilibili-cleaner | 当前存储的文件为：音频榜单单期信息-热榜-第154期-2025年度-20250626_115241_713039.json20250626_115256_993690.json
2025-06-26 11:52:57 | INFO | bilibili-cleaner | 当前存储的文件为：音频榜单单期信息-热榜-第155期-2025年度-20250626_115241_001059.json20250626_115257_001783.json
2025-06-26 11:52:57 | INFO | bilibili-cleaner | 当前存储的文件为：音频榜单单期信息-热榜-第156期-2025年度-20250626_115240_262464.json20250626_115257_009737.json
2025-06-26 11:52:57 | INFO | bilibili-cleaner | 当前存储的文件为：音频榜单单期信息-热榜-第157期-2025年度-20250626_115239_521853.json20250626_115257_017658.json
2025-06-26 11:52:57 | INFO | bilibili-cleaner | 当前存储的文件为：音频榜单单期信息-热榜-第158期-2025年度-20250626_115238_836663.json20250626_115257_026077.json
2025-06-26 11:52:57 | INFO | bilibili-cleaner | 当前存储的文件为：音频榜单单期信息-热榜-第15期-2022年度-20250626_115110_870135.json20250626_115257_033877.json
2025-06-26 11:52:57 | INFO | bilibili-cleaner | 当前存储的文件为：音频榜单单期信息-热榜-第16期-2022年度-20250626_115110_077082.json20250626_115257_040946.json
2025-06-26 11:52:57 | INFO | bilibili-cleaner | 当前存储的文件为：音频榜单单期信息-热榜-第17期-2022年度-20250626_115109_332308.json20250626_115257_050232.json
2025-06-26 11:52:57 | INFO | bilibili-cleaner | 当前存储的文件为：音频榜单单期信息-热榜-第18期-2022年度-20250626_115108_647612.json20250626_115257_057659.json
2025-06-26 11:52:57 | INFO | bilibili-cleaner | 当前存储的文件为：音频榜单单期信息-热榜-第19期-2022年度-20250626_115108_025758.json20250626_115257_064671.json
2025-06-26 11:52:57 | INFO | bilibili-cleaner | 当前存储的文件为：音频榜单单期信息-热榜-第1期-2022年度-20250626_115121_126655.json20250626_115257_071527.json
2025-06-26 11:52:57 | INFO | bilibili-cleaner | 当前存储的文件为：音频榜单单期信息-热榜-第20期-2022年度-20250626_115107_293499.json20250626_115257_078403.json
2025-06-26 11:52:57 | INFO | bilibili-cleaner | 当前存储的文件为：音频榜单单期信息-热榜-第21期-2022年度-20250626_115106_551358.json20250626_115257_086300.json
2025-06-26 11:52:57 | INFO | bilibili-cleaner | 当前存储的文件为：音频榜单单期信息-热榜-第22期-2022年度-20250626_115105_859905.json20250626_115257_092938.json
2025-06-26 11:52:57 | INFO | bilibili-cleaner | 当前存储的文件为：音频榜单单期信息-热榜-第23期-2022年度-20250626_115105_114981.json20250626_115257_101676.json
2025-06-26 11:52:57 | INFO | bilibili-cleaner | 当前存储的文件为：音频榜单单期信息-热榜-第24期-2022年度-20250626_115104_423199.json20250626_115257_108507.json
2025-06-26 11:52:57 | INFO | bilibili-cleaner | 当前存储的文件为：音频榜单单期信息-热榜-第25期-2022年度-20250626_115103_730729.json20250626_115257_115270.json
2025-06-26 11:52:57 | INFO | bilibili-cleaner | 当前存储的文件为：音频榜单单期信息-热榜-第26期-2022年度-20250626_115103_028152.json20250626_115257_122453.json
2025-06-26 11:52:57 | INFO | bilibili-cleaner | 当前存储的文件为：音频榜单单期信息-热榜-第27期-2022年度-20250626_115102_314225.json20250626_115257_129335.json
2025-06-26 11:52:57 | INFO | bilibili-cleaner | 当前存储的文件为：音频榜单单期信息-热榜-第28期-2022年度-20250626_115101_526237.json20250626_115257_135340.json
2025-06-26 11:52:57 | INFO | bilibili-cleaner | 当前存储的文件为：音频榜单单期信息-热榜-第29期-2022年度-20250626_115100_743200.json20250626_115257_140697.json
2025-06-26 11:52:57 | INFO | bilibili-cleaner | 当前存储的文件为：音频榜单单期信息-热榜-第2期-2022年度-20250626_115120_414542.json20250626_115257_145450.json
2025-06-26 11:52:57 | INFO | bilibili-cleaner | 当前存储的文件为：音频榜单单期信息-热榜-第30期-2023年度-20250626_115159_377845.json20250626_115257_149927.json
2025-06-26 11:52:57 | INFO | bilibili-cleaner | 当前存储的文件为：音频榜单单期信息-热榜-第31期-2023年度-20250626_115158_659884.json20250626_115257_156954.json
2025-06-26 11:52:57 | INFO | bilibili-cleaner | 当前存储的文件为：音频榜单单期信息-热榜-第32期-2023年度-20250626_115157_886088.json20250626_115257_164021.json
2025-06-26 11:52:57 | INFO | bilibili-cleaner | 当前存储的文件为：音频榜单单期信息-热榜-第33期-2023年度-20250626_115157_031474.json20250626_115257_170602.json
2025-06-26 11:52:57 | INFO | bilibili-cleaner | 当前存储的文件为：音频榜单单期信息-热榜-第34期-2023年度-20250626_115156_265071.json20250626_115257_179553.json
2025-06-26 11:52:57 | INFO | bilibili-cleaner | 当前存储的文件为：音频榜单单期信息-热榜-第35期-2023年度-20250626_115155_519234.json20250626_115257_186565.json
2025-06-26 11:52:57 | INFO | bilibili-cleaner | 当前存储的文件为：音频榜单单期信息-热榜-第36期-2023年度-20250626_115154_795281.json20250626_115257_193372.json
2025-06-26 11:52:57 | INFO | bilibili-cleaner | 当前存储的文件为：音频榜单单期信息-热榜-第37期-2023年度-20250626_115153_989145.json20250626_115257_199132.json
2025-06-26 11:52:57 | INFO | bilibili-cleaner | 当前存储的文件为：音频榜单单期信息-热榜-第38期-2023年度-20250626_115153_259648.json20250626_115257_206895.json
2025-06-26 11:52:57 | INFO | bilibili-cleaner | 当前存储的文件为：音频榜单单期信息-热榜-第39期-2023年度-20250626_115152_511838.json20250626_115257_214556.json
2025-06-26 11:52:57 | INFO | bilibili-cleaner | 当前存储的文件为：音频榜单单期信息-热榜-第3期-2022年度-20250626_115119_653742.json20250626_115257_223765.json
2025-06-26 11:52:57 | INFO | bilibili-cleaner | 当前存储的文件为：音频榜单单期信息-热榜-第40期-2023年度-20250626_115151_801793.json20250626_115257_230739.json
2025-06-26 11:52:57 | INFO | bilibili-cleaner | 当前存储的文件为：音频榜单单期信息-热榜-第41期-2023年度-20250626_115151_076693.json20250626_115257_238215.json
2025-06-26 11:52:57 | INFO | bilibili-cleaner | 当前存储的文件为：音频榜单单期信息-热榜-第42期-2023年度-20250626_115150_297748.json20250626_115257_246593.json
2025-06-26 11:52:57 | INFO | bilibili-cleaner | 当前存储的文件为：音频榜单单期信息-热榜-第43期-2023年度-20250626_115149_554531.json20250626_115257_254328.json
2025-06-26 11:52:57 | INFO | bilibili-cleaner | 当前存储的文件为：音频榜单单期信息-热榜-第44期-2023年度-20250626_115148_765588.json20250626_115257_261002.json
2025-06-26 11:52:57 | INFO | bilibili-cleaner | 当前存储的文件为：音频榜单单期信息-热榜-第45期-2023年度-20250626_115148_038510.json20250626_115257_268650.json
2025-06-26 11:52:57 | INFO | bilibili-cleaner | 当前存储的文件为：音频榜单单期信息-热榜-第46期-2023年度-20250626_115147_303828.json20250626_115257_276334.json
2025-06-26 11:52:57 | INFO | bilibili-cleaner | 当前存储的文件为：音频榜单单期信息-热榜-第47期-2023年度-20250626_115146_652279.json20250626_115257_283440.json
2025-06-26 11:52:57 | INFO | bilibili-cleaner | 当前存储的文件为：音频榜单单期信息-热榜-第48期-2023年度-20250626_115145_957112.json20250626_115257_289708.json
2025-06-26 11:52:57 | INFO | bilibili-cleaner | 当前存储的文件为：音频榜单单期信息-热榜-第49期-2023年度-20250626_115145_233368.json20250626_115257_297793.json
2025-06-26 11:52:57 | INFO | bilibili-cleaner | 当前存储的文件为：音频榜单单期信息-热榜-第4期-2022年度-20250626_115118_952548.json20250626_115257_307231.json
2025-06-26 11:52:57 | INFO | bilibili-cleaner | 当前存储的文件为：音频榜单单期信息-热榜-第50期-2023年度-20250626_115144_467161.json20250626_115257_314636.json
2025-06-26 11:52:57 | INFO | bilibili-cleaner | 当前存储的文件为：音频榜单单期信息-热榜-第51期-2023年度-20250626_115143_694867.json20250626_115257_321671.json
2025-06-26 11:52:57 | INFO | bilibili-cleaner | 当前存储的文件为：音频榜单单期信息-热榜-第52期-2023年度-20250626_115142_932365.json20250626_115257_328623.json
2025-06-26 11:52:57 | INFO | bilibili-cleaner | 当前存储的文件为：音频榜单单期信息-热榜-第53期-2023年度-20250626_115142_239191.json20250626_115257_335193.json
2025-06-26 11:52:57 | INFO | bilibili-cleaner | 当前存储的文件为：音频榜单单期信息-热榜-第54期-2023年度-20250626_115141_483824.json20250626_115257_341014.json
2025-06-26 11:52:57 | INFO | bilibili-cleaner | 当前存储的文件为：音频榜单单期信息-热榜-第55期-2023年度-20250626_115140_737031.json20250626_115257_346792.json
2025-06-26 11:52:57 | INFO | bilibili-cleaner | 当前存储的文件为：音频榜单单期信息-热榜-第56期-2023年度-20250626_115140_052993.json20250626_115257_352157.json
2025-06-26 11:52:57 | INFO | bilibili-cleaner | 当前存储的文件为：音频榜单单期信息-热榜-第57期-2023年度-20250626_115139_304142.json20250626_115257_360115.json
2025-06-26 11:52:57 | INFO | bilibili-cleaner | 当前存储的文件为：音频榜单单期信息-热榜-第58期-2023年度-20250626_115138_580419.json20250626_115257_367282.json
2025-06-26 11:52:57 | INFO | bilibili-cleaner | 当前存储的文件为：音频榜单单期信息-热榜-第59期-2023年度-20250626_115137_873761.json20250626_115257_374216.json
2025-06-26 11:52:57 | INFO | bilibili-cleaner | 当前存储的文件为：音频榜单单期信息-热榜-第5期-2022年度-20250626_115118_161603.json20250626_115257_382237.json
2025-06-26 11:52:57 | INFO | bilibili-cleaner | 当前存储的文件为：音频榜单单期信息-热榜-第60期-2023年度-20250626_115137_142173.json20250626_115257_389337.json
2025-06-26 11:52:57 | INFO | bilibili-cleaner | 当前存储的文件为：音频榜单单期信息-热榜-第61期-2023年度-20250626_115136_321749.json20250626_115257_396652.json
2025-06-26 11:52:57 | INFO | bilibili-cleaner | 当前存储的文件为：音频榜单单期信息-热榜-第62期-2023年度-20250626_115135_642163.json20250626_115257_403889.json
2025-06-26 11:52:57 | INFO | bilibili-cleaner | 当前存储的文件为：音频榜单单期信息-热榜-第63期-2023年度-20250626_115134_963579.json20250626_115257_411542.json
2025-06-26 11:52:57 | INFO | bilibili-cleaner | 当前存储的文件为：音频榜单单期信息-热榜-第64期-2023年度-20250626_115134_314092.json20250626_115257_417846.json
2025-06-26 11:52:57 | INFO | bilibili-cleaner | 当前存储的文件为：音频榜单单期信息-热榜-第65期-2023年度-20250626_115133_577980.json20250626_115257_425156.json
2025-06-26 11:52:57 | INFO | bilibili-cleaner | 当前存储的文件为：音频榜单单期信息-热榜-第66期-2023年度-20250626_115132_842955.json20250626_115257_431343.json
2025-06-26 11:52:57 | INFO | bilibili-cleaner | 当前存储的文件为：音频榜单单期信息-热榜-第67期-2023年度-20250626_115132_092334.json20250626_115257_437099.json
2025-06-26 11:52:57 | INFO | bilibili-cleaner | 当前存储的文件为：音频榜单单期信息-热榜-第68期-2023年度-20250626_115131_389952.json20250626_115257_443855.json
2025-06-26 11:52:57 | INFO | bilibili-cleaner | 当前存储的文件为：音频榜单单期信息-热榜-第69期-2023年度-20250626_115130_672772.json20250626_115257_451263.json
2025-06-26 11:52:57 | INFO | bilibili-cleaner | 当前存储的文件为：音频榜单单期信息-热榜-第6期-2022年度-20250626_115117_459984.json20250626_115257_458583.json
2025-06-26 11:52:57 | INFO | bilibili-cleaner | 当前存储的文件为：音频榜单单期信息-热榜-第70期-2023年度-20250626_115129_831937.json20250626_115257_467032.json
2025-06-26 11:52:57 | INFO | bilibili-cleaner | 当前存储的文件为：音频榜单单期信息-热榜-第71期-2023年度-20250626_115129_119571.json20250626_115257_474969.json
2025-06-26 11:52:57 | INFO | bilibili-cleaner | 当前存储的文件为：音频榜单单期信息-热榜-第72期-2023年度-20250626_115128_392416.json20250626_115257_494482.json
2025-06-26 11:52:57 | INFO | bilibili-cleaner | 当前存储的文件为：音频榜单单期信息-热榜-第73期-2023年度-20250626_115127_701005.json20250626_115257_502858.json
2025-06-26 11:52:57 | INFO | bilibili-cleaner | 当前存储的文件为：音频榜单单期信息-热榜-第74期-2023年度-20250626_115127_000696.json20250626_115257_511270.json
2025-06-26 11:52:57 | INFO | bilibili-cleaner | 当前存储的文件为：音频榜单单期信息-热榜-第75期-2023年度-20250626_115126_297917.json20250626_115257_520651.json
2025-06-26 11:52:57 | INFO | bilibili-cleaner | 当前存储的文件为：音频榜单单期信息-热榜-第76期-2023年度-20250626_115125_596657.json20250626_115257_529109.json
2025-06-26 11:52:57 | INFO | bilibili-cleaner | 当前存储的文件为：音频榜单单期信息-热榜-第77期-2023年度-20250626_115124_845518.json20250626_115257_537292.json
2025-06-26 11:52:57 | INFO | bilibili-cleaner | 当前存储的文件为：音频榜单单期信息-热榜-第78期-2023年度-20250626_115124_136355.json20250626_115257_545220.json
2025-06-26 11:52:57 | INFO | bilibili-cleaner | 当前存储的文件为：音频榜单单期信息-热榜-第79期-2023年度-20250626_115123_383470.json20250626_115257_553590.json
2025-06-26 11:52:57 | INFO | bilibili-cleaner | 当前存储的文件为：音频榜单单期信息-热榜-第7期-2022年度-20250626_115116_640995.json20250626_115257_560819.json
2025-06-26 11:52:57 | INFO | bilibili-cleaner | 当前存储的文件为：音频榜单单期信息-热榜-第80期-2023年度-20250626_115122_631741.json20250626_115257_568720.json
2025-06-26 11:52:57 | INFO | bilibili-cleaner | 当前存储的文件为：音频榜单单期信息-热榜-第81期-2023年度-20250626_115121_914760.json20250626_115257_576393.json
2025-06-26 11:52:57 | INFO | bilibili-cleaner | 当前存储的文件为：音频榜单单期信息-热榜-第82期-2024年度-20250626_115238_119246.json20250626_115257_583696.json
2025-06-26 11:52:57 | INFO | bilibili-cleaner | 当前存储的文件为：音频榜单单期信息-热榜-第83期-2024年度-20250626_115237_277777.json20250626_115257_592122.json
2025-06-26 11:52:57 | INFO | bilibili-cleaner | 当前存储的文件为：音频榜单单期信息-热榜-第84期-2024年度-20250626_115236_579125.json20250626_115257_599650.json
2025-06-26 11:52:57 | INFO | bilibili-cleaner | 当前存储的文件为：音频榜单单期信息-热榜-第85期-2024年度-20250626_115235_888949.json20250626_115257_605500.json
2025-06-26 11:52:57 | INFO | bilibili-cleaner | 当前存储的文件为：音频榜单单期信息-热榜-第86期-2024年度-20250626_115235_129937.json20250626_115257_612919.json
2025-06-26 11:52:57 | INFO | bilibili-cleaner | 当前存储的文件为：音频榜单单期信息-热榜-第87期-2024年度-20250626_115234_367934.json20250626_115257_620565.json
2025-06-26 11:52:57 | INFO | bilibili-cleaner | 当前存储的文件为：音频榜单单期信息-热榜-第88期-2024年度-20250626_115233_602465.json20250626_115257_627062.json
2025-06-26 11:52:57 | INFO | bilibili-cleaner | 当前存储的文件为：音频榜单单期信息-热榜-第89期-2024年度-20250626_115232_851835.json20250626_115257_636131.json
2025-06-26 11:52:57 | INFO | bilibili-cleaner | 当前存储的文件为：音频榜单单期信息-热榜-第8期-2022年度-20250626_115115_938792.json20250626_115257_642894.json
2025-06-26 11:52:57 | INFO | bilibili-cleaner | 当前存储的文件为：音频榜单单期信息-热榜-第90期-2024年度-20250626_115232_076362.json20250626_115257_649325.json
2025-06-26 11:52:57 | INFO | bilibili-cleaner | 当前存储的文件为：音频榜单单期信息-热榜-第91期-2024年度-20250626_115231_424628.json20250626_115257_656909.json
2025-06-26 11:52:57 | INFO | bilibili-cleaner | 当前存储的文件为：音频榜单单期信息-热榜-第92期-2024年度-20250626_115230_699950.json20250626_115257_663804.json
2025-06-26 11:52:57 | INFO | bilibili-cleaner | 当前存储的文件为：音频榜单单期信息-热榜-第93期-2024年度-20250626_115229_902410.json20250626_115257_671429.json
2025-06-26 11:52:57 | INFO | bilibili-cleaner | 当前存储的文件为：音频榜单单期信息-热榜-第94期-2024年度-20250626_115229_126921.json20250626_115257_678760.json
2025-06-26 11:52:57 | INFO | bilibili-cleaner | 当前存储的文件为：音频榜单单期信息-热榜-第95期-2024年度-20250626_115228_371881.json20250626_115257_686881.json
2025-06-26 11:52:57 | INFO | bilibili-cleaner | 当前存储的文件为：音频榜单单期信息-热榜-第96期-2024年度-20250626_115227_651918.json20250626_115257_696607.json
2025-06-26 11:52:57 | INFO | bilibili-cleaner | 当前存储的文件为：音频榜单单期信息-热榜-第97期-2024年度-20250626_115226_908292.json20250626_115257_703886.json
2025-06-26 11:52:57 | INFO | bilibili-cleaner | 当前存储的文件为：音频榜单单期信息-热榜-第98期-2024年度-20250626_115226_149860.json20250626_115257_711642.json
2025-06-26 11:52:57 | INFO | bilibili-cleaner | 当前存储的文件为：音频榜单单期信息-热榜-第99期-2024年度-20250626_115225_478695.json20250626_115257_719370.json
2025-06-26 11:52:57 | INFO | bilibili-cleaner | 当前存储的文件为：音频榜单单期信息-热榜-第9期-2022年度-20250626_115115_176680.json20250626_115257_737771.json
2025-06-26 11:52:57 | INFO | bilibili-crawler | 数据清洗完成
2025-06-26 11:52:57 | INFO | bilibili-crawler | 生成数据分析报告中
2025-06-26 11:53:00 | INFO | bilibili-analyzer | 生成分析报告...
2025-06-26 11:53:06 | INFO | bilibili-analyzer | 报告已生成: C:\Users\29145\Desktop\WorkSpace\6.25大数据采集与分析课设\bilibili-crawler\data\reports\audio_rank_analysis_report.md
2025-06-26 11:53:06 | INFO | bilibili-analyzer | 分析完成！报告已保存至: C:\Users\29145\Desktop\WorkSpace\6.25大数据采集与分析课设\bilibili-crawler\data\reports\audio_rank_analysis_report.md
2025-06-26 11:53:06 | INFO | bilibili-crawler | 数据分析报告已生成
